  make -C tagmanager/ctags -f makefile.win32
  make[1]: Entering directory `D:/AGK/Classic/IDE/Geany-1.24.1/tagmanager/ctags'
  make[1]: Nothing to be done for `all'.
  make[1]: Leaving directory `D:/AGK/Classic/IDE/Geany-1.24.1/tagmanager/ctags'
  make -C tagmanager/mio -f makefile.win32
  make[1]: Entering directory `D:/AGK/Classic/IDE/Geany-1.24.1/tagmanager/mio'
  make[1]: Nothing to be done for `all'.
  make[1]: Leaving directory `D:/AGK/Classic/IDE/Geany-1.24.1/tagmanager/mio'
  make -C tagmanager/src -f makefile.win32
  make[1]: Entering directory `D:/AGK/Classic/IDE/Geany-1.24.1/tagmanager/src'
  make[1]: Nothing to be done for `all'.
  make[1]: Leaving directory `D:/AGK/Classic/IDE/Geany-1.24.1/tagmanager/src'
  make -C scintilla -f makefile.win32
  make[1]: Entering directory `D:/AGK/Classic/IDE/Geany-1.24.1/scintilla'
  make[1]: Nothing to be done for `all'.
  make[1]: Leaving directory `D:/AGK/Classic/IDE/Geany-1.24.1/scintilla'
  make -C plugins -f makefile.win32
  make[1]: Entering directory `D:/AGK/Classic/IDE/Geany-1.24.1/plugins'
  make[1]: Nothing to be done for `all'.
  make[1]: Leaving directory `D:/AGK/Classic/IDE/Geany-1.24.1/plugins'
  make -C src -f makefile.win32
  make[1]: Entering directory `D:/AGK/Classic/IDE/Geany-1.24.1/src'
  make[1]: Nothing to be done for `all'.
  make[1]: Leaving directory `D:/AGK/Classic/IDE/Geany-1.24.1/src'
  IF EXIST "../Geany_Compiled/data/" rmdir /s /q "../Geany_Compiled/data"
  IF EXIST "../Geany_Compiled/lib/" rmdir /s /q "../Geany_Compiled/lib"
  IF EXIST "../Geany_Compiled/bin/" rmdir /s /q "../Geany_Compiled/bin"
  IF EXIST "../Geany_Compiled/share/" rmdir /s /q "../Geany_Compiled/share"
  mkdir "../Geany_Compiled"
  A subdirectory or file ../Geany_Compiled already exists.
  make: [install] Error 1 (ignored)
  mkdir "../Geany_Compiled/bin"
  copy /y AGK.exe "../Geany_Compiled/bin"
          1 file(s) copied.
  mkdir "../Geany_Compiled/lib"
  copy /y plugins\*.dll "../Geany_Compiled/lib"
  plugins\demoplugin.dll
  plugins\saveactions.dll
  plugins\splitwindow.dll
          3 file(s) copied.
  mkdir "../Geany_Compiled/data"
  mkdir "../Geany_Compiled/share"
  xcopy /s /y /e data "../Geany_Compiled/data"
  data\agk-free-weekend-over.png
  data\agk-free-weekend-version.png
  data\agk-news-banner.png
  data\AGK2EULA.txt
  data\c99.tags
  data\filetypes.agk
  data\filetypes.c
  data\filetypes.common
  data\filetypes.conf
  data\filetypes.cpp
  data\filetypes.glsl
  data\filetype_extensions.conf
  data\geany.css
  data\geany.glade
  data\geany.gtkrc.mac
  data\geany.gtkrc.windows
  data\GPL-2
  data\snippets.conf
  data\TrialPopup.png
  data\ui_toolbar.xml
  data\android\aapt2-bundle.exe
  data\android\android29.jar
  data\android\android30.jar
  data\android\apksigner.jar
  data\android\BundleConfig.json
  data\android\bundletool.jar
  data\android\debug.keystore
  data\android\libwinpthread-1.dll
  data\android\readme.txt
  data\android\zipalign.exe
  data\android\lib\arm64-v8a\libandroid_player.so
  data\android\lib\arm64-v8a\libarcore_sdk.so
  data\android\lib\armeabi-v7a\libandroid_player.so
  data\android\lib\armeabi-v7a\libarcore_sdk.so
  data\android\sourceAmazon\AndroidManifest.xml
  data\android\sourceAmazon\classes.dex
  data\android\sourceAmazon\resMerged\anim_abc_fade_in.xml.flat
  data\android\sourceAmazon\resMerged\anim_abc_fade_out.xml.flat
  data\android\sourceAmazon\resMerged\anim_abc_grow_fade_in_from_bottom.xml.flat
  data\android\sourceAmazon\resMerged\anim_abc_popup_enter.xml.flat
  data\android\sourceAmazon\resMerged\anim_abc_popup_exit.xml.flat
  data\android\sourceAmazon\resMerged\anim_abc_shrink_fade_out_from_bottom.xml.flat
  data\android\sourceAmazon\resMerged\anim_abc_slide_in_bottom.xml.flat
  data\android\sourceAmazon\resMerged\anim_abc_slide_in_top.xml.flat
  data\android\sourceAmazon\resMerged\anim_abc_slide_out_bottom.xml.flat
  data\android\sourceAmazon\resMerged\anim_abc_slide_out_top.xml.flat
  data\android\sourceAmazon\resMerged\anim_abc_tooltip_enter.xml.flat
  data\android\sourceAmazon\resMerged\anim_abc_tooltip_exit.xml.flat
  data\android\sourceAmazon\resMerged\anim_btn_checkbox_to_checked_box_inner_merged_animation.xml.flat
  data\android\sourceAmazon\resMerged\anim_btn_checkbox_to_checked_box_outer_merged_animation.xml.flat
  data\android\sourceAmazon\resMerged\anim_btn_checkbox_to_checked_icon_null_animation.xml.flat
  data\android\sourceAmazon\resMerged\anim_btn_checkbox_to_unchecked_box_inner_merged_animation.xml.flat
  data\android\sourceAmazon\resMerged\anim_btn_checkbox_to_unchecked_check_path_merged_animation.xml.flat
  data\android\sourceAmazon\resMerged\anim_btn_checkbox_to_unchecked_icon_null_animation.xml.flat
  data\android\sourceAmazon\resMerged\anim_btn_radio_to_off_mtrl_dot_group_animation.xml.flat
  data\android\sourceAmazon\resMerged\anim_btn_radio_to_off_mtrl_ring_outer_animation.xml.flat
  data\android\sourceAmazon\resMerged\anim_btn_radio_to_off_mtrl_ring_outer_path_animation.xml.flat
  data\android\sourceAmazon\resMerged\anim_btn_radio_to_on_mtrl_dot_group_animation.xml.flat
  data\android\sourceAmazon\resMerged\anim_btn_radio_to_on_mtrl_ring_outer_animation.xml.flat
  data\android\sourceAmazon\resMerged\anim_btn_radio_to_on_mtrl_ring_outer_path_animation.xml.flat
  data\android\sourceAmazon\resMerged\color-v21_abc_btn_colored_borderless_text_material.xml.flat
  data\android\sourceAmazon\resMerged\color-v23_abc_btn_colored_borderless_text_material.xml.flat
  data\android\sourceAmazon\resMerged\color-v23_abc_btn_colored_text_material.xml.flat
  data\android\sourceAmazon\resMerged\color-v23_abc_color_highlight_material.xml.flat
  data\android\sourceAmazon\resMerged\color-v23_abc_tint_btn_checkable.xml.flat
  data\android\sourceAmazon\resMerged\color-v23_abc_tint_default.xml.flat
  data\android\sourceAmazon\resMerged\color-v23_abc_tint_edittext.xml.flat
  data\android\sourceAmazon\resMerged\color-v23_abc_tint_seek_thumb.xml.flat
  data\android\sourceAmazon\resMerged\color-v23_abc_tint_spinner.xml.flat
  data\android\sourceAmazon\resMerged\color-v23_abc_tint_switch_track.xml.flat
  data\android\sourceAmazon\resMerged\color_abc_background_cache_hint_selector_material_dark.xml.flat
  data\android\sourceAmazon\resMerged\color_abc_background_cache_hint_selector_material_light.xml.flat
  data\android\sourceAmazon\resMerged\color_abc_btn_colored_borderless_text_material.xml.flat
  data\android\sourceAmazon\resMerged\color_abc_btn_colored_text_material.xml.flat
  data\android\sourceAmazon\resMerged\color_abc_hint_foreground_material_dark.xml.flat
  data\android\sourceAmazon\resMerged\color_abc_hint_foreground_material_light.xml.flat
  data\android\sourceAmazon\resMerged\color_abc_primary_text_disable_only_material_dark.xml.flat
  data\android\sourceAmazon\resMerged\color_abc_primary_text_disable_only_material_light.xml.flat
  data\android\sourceAmazon\resMerged\color_abc_primary_text_material_dark.xml.flat
  data\android\sourceAmazon\resMerged\color_abc_primary_text_material_light.xml.flat
  data\android\sourceAmazon\resMerged\color_abc_search_url_text.xml.flat
  data\android\sourceAmazon\resMerged\color_abc_secondary_text_material_dark.xml.flat
  data\android\sourceAmazon\resMerged\color_abc_secondary_text_material_light.xml.flat
  data\android\sourceAmazon\resMerged\color_abc_tint_btn_checkable.xml.flat
  data\android\sourceAmazon\resMerged\color_abc_tint_default.xml.flat
  data\android\sourceAmazon\resMerged\color_abc_tint_edittext.xml.flat
  data\android\sourceAmazon\resMerged\color_abc_tint_seek_thumb.xml.flat
  data\android\sourceAmazon\resMerged\color_abc_tint_spinner.xml.flat
  data\android\sourceAmazon\resMerged\color_abc_tint_switch_track.xml.flat
  data\android\sourceAmazon\resMerged\color_switch_thumb_material_dark.xml.flat
  data\android\sourceAmazon\resMerged\color_switch_thumb_material_light.xml.flat
  data\android\sourceAmazon\resMerged\drawable-hdpi-v4_abc_ab_share_pack_mtrl_alpha.9.png.flat
  data\android\sourceAmazon\resMerged\drawable-hdpi-v4_abc_btn_check_to_on_mtrl_000.png.flat
  data\android\sourceAmazon\resMerged\drawable-hdpi-v4_abc_btn_check_to_on_mtrl_015.png.flat
  data\android\sourceAmazon\resMerged\drawable-hdpi-v4_abc_btn_radio_to_on_mtrl_000.png.flat
  data\android\sourceAmazon\resMerged\drawable-hdpi-v4_abc_btn_radio_to_on_mtrl_015.png.flat
  data\android\sourceAmazon\resMerged\drawable-hdpi-v4_abc_btn_switch_to_on_mtrl_00001.9.png.flat
  data\android\sourceAmazon\resMerged\drawable-hdpi-v4_abc_btn_switch_to_on_mtrl_00012.9.png.flat
  data\android\sourceAmazon\resMerged\drawable-hdpi-v4_abc_cab_background_top_mtrl_alpha.9.png.flat
  data\android\sourceAmazon\resMerged\drawable-hdpi-v4_abc_ic_commit_search_api_mtrl_alpha.png.flat
  data\android\sourceAmazon\resMerged\drawable-hdpi-v4_abc_ic_menu_copy_mtrl_am_alpha.png.flat
  data\android\sourceAmazon\resMerged\drawable-hdpi-v4_abc_ic_menu_cut_mtrl_alpha.png.flat
  data\android\sourceAmazon\resMerged\drawable-hdpi-v4_abc_ic_menu_paste_mtrl_am_alpha.png.flat
  data\android\sourceAmazon\resMerged\drawable-hdpi-v4_abc_ic_menu_selectall_mtrl_alpha.png.flat
  data\android\sourceAmazon\resMerged\drawable-hdpi-v4_abc_ic_menu_share_mtrl_alpha.png.flat
  data\android\sourceAmazon\resMerged\drawable-hdpi-v4_abc_ic_star_black_16dp.png.flat
  data\android\sourceAmazon\resMerged\drawable-hdpi-v4_abc_ic_star_black_36dp.png.flat
  data\android\sourceAmazon\resMerged\drawable-hdpi-v4_abc_ic_star_black_48dp.png.flat
  data\android\sourceAmazon\resMerged\drawable-hdpi-v4_abc_ic_star_half_black_16dp.png.flat
  data\android\sourceAmazon\resMerged\drawable-hdpi-v4_abc_ic_star_half_black_36dp.png.flat
  data\android\sourceAmazon\resMerged\drawable-hdpi-v4_abc_ic_star_half_black_48dp.png.flat
  data\android\sourceAmazon\resMerged\drawable-hdpi-v4_abc_list_divider_mtrl_alpha.9.png.flat
  data\android\sourceAmazon\resMerged\drawable-hdpi-v4_abc_list_focused_holo.9.png.flat
  data\android\sourceAmazon\resMerged\drawable-hdpi-v4_abc_list_longpressed_holo.9.png.flat
  data\android\sourceAmazon\resMerged\drawable-hdpi-v4_abc_list_pressed_holo_dark.9.png.flat
  data\android\sourceAmazon\resMerged\drawable-hdpi-v4_abc_list_pressed_holo_light.9.png.flat
  data\android\sourceAmazon\resMerged\drawable-hdpi-v4_abc_list_selector_disabled_holo_dark.9.png.flat
  data\android\sourceAmazon\resMerged\drawable-hdpi-v4_abc_list_selector_disabled_holo_light.9.png.flat
  data\android\sourceAmazon\resMerged\drawable-hdpi-v4_abc_menu_hardkey_panel_mtrl_mult.9.png.flat
  data\android\sourceAmazon\resMerged\drawable-hdpi-v4_abc_popup_background_mtrl_mult.9.png.flat
  data\android\sourceAmazon\resMerged\drawable-hdpi-v4_abc_scrubber_control_off_mtrl_alpha.png.flat
  data\android\sourceAmazon\resMerged\drawable-hdpi-v4_abc_scrubber_control_to_pressed_mtrl_000.png.flat
  data\android\sourceAmazon\resMerged\drawable-hdpi-v4_abc_scrubber_control_to_pressed_mtrl_005.png.flat
  data\android\sourceAmazon\resMerged\drawable-hdpi-v4_abc_scrubber_primary_mtrl_alpha.9.png.flat
  data\android\sourceAmazon\resMerged\drawable-hdpi-v4_abc_scrubber_track_mtrl_alpha.9.png.flat
  data\android\sourceAmazon\resMerged\drawable-hdpi-v4_abc_spinner_mtrl_am_alpha.9.png.flat
  data\android\sourceAmazon\resMerged\drawable-hdpi-v4_abc_switch_track_mtrl_alpha.9.png.flat
  data\android\sourceAmazon\resMerged\drawable-hdpi-v4_abc_tab_indicator_mtrl_alpha.9.png.flat
  data\android\sourceAmazon\resMerged\drawable-hdpi-v4_abc_textfield_activated_mtrl_alpha.9.png.flat
  data\android\sourceAmazon\resMerged\drawable-hdpi-v4_abc_textfield_default_mtrl_alpha.9.png.flat
  data\android\sourceAmazon\resMerged\drawable-hdpi-v4_abc_textfield_search_activated_mtrl_alpha.9.png.flat
  data\android\sourceAmazon\resMerged\drawable-hdpi-v4_abc_textfield_search_default_mtrl_alpha.9.png.flat
  data\android\sourceAmazon\resMerged\drawable-hdpi-v4_abc_text_select_handle_left_mtrl_dark.png.flat
  data\android\sourceAmazon\resMerged\drawable-hdpi-v4_abc_text_select_handle_left_mtrl_light.png.flat
  data\android\sourceAmazon\resMerged\drawable-hdpi-v4_abc_text_select_handle_middle_mtrl_dark.png.flat
  data\android\sourceAmazon\resMerged\drawable-hdpi-v4_abc_text_select_handle_middle_mtrl_light.png.flat
  data\android\sourceAmazon\resMerged\drawable-hdpi-v4_abc_text_select_handle_right_mtrl_dark.png.flat
  data\android\sourceAmazon\resMerged\drawable-hdpi-v4_abc_text_select_handle_right_mtrl_light.png.flat
  data\android\sourceAmazon\resMerged\drawable-hdpi-v4_notification_bg_low_normal.9.png.flat
  data\android\sourceAmazon\resMerged\drawable-hdpi-v4_notification_bg_low_pressed.9.png.flat
  data\android\sourceAmazon\resMerged\drawable-hdpi-v4_notification_bg_normal.9.png.flat
  data\android\sourceAmazon\resMerged\drawable-hdpi-v4_notification_bg_normal_pressed.9.png.flat
  data\android\sourceAmazon\resMerged\drawable-hdpi-v4_notify_panel_notification_icon_bg.png.flat
  data\android\sourceAmazon\resMerged\drawable-hdpi_icon.png.flat
  data\android\sourceAmazon\resMerged\drawable-hdpi_icon_white.png.flat
  data\android\sourceAmazon\resMerged\drawable-ldpi_icon.png.flat
  data\android\sourceAmazon\resMerged\drawable-ldpi_icon_white.png.flat
  data\android\sourceAmazon\resMerged\drawable-ldrtl-hdpi-v17_abc_ic_menu_copy_mtrl_am_alpha.png.flat
  data\android\sourceAmazon\resMerged\drawable-ldrtl-hdpi-v17_abc_ic_menu_cut_mtrl_alpha.png.flat
  data\android\sourceAmazon\resMerged\drawable-ldrtl-hdpi-v17_abc_spinner_mtrl_am_alpha.9.png.flat
  data\android\sourceAmazon\resMerged\drawable-ldrtl-mdpi-v17_abc_ic_menu_copy_mtrl_am_alpha.png.flat
  data\android\sourceAmazon\resMerged\drawable-ldrtl-mdpi-v17_abc_ic_menu_cut_mtrl_alpha.png.flat
  data\android\sourceAmazon\resMerged\drawable-ldrtl-mdpi-v17_abc_spinner_mtrl_am_alpha.9.png.flat
  data\android\sourceAmazon\resMerged\drawable-ldrtl-xhdpi-v17_abc_ic_menu_copy_mtrl_am_alpha.png.flat
  data\android\sourceAmazon\resMerged\drawable-ldrtl-xhdpi-v17_abc_ic_menu_cut_mtrl_alpha.png.flat
  data\android\sourceAmazon\resMerged\drawable-ldrtl-xhdpi-v17_abc_spinner_mtrl_am_alpha.9.png.flat
  data\android\sourceAmazon\resMerged\drawable-ldrtl-xxhdpi-v17_abc_ic_menu_copy_mtrl_am_alpha.png.flat
  data\android\sourceAmazon\resMerged\drawable-ldrtl-xxhdpi-v17_abc_ic_menu_cut_mtrl_alpha.png.flat
  data\android\sourceAmazon\resMerged\drawable-ldrtl-xxhdpi-v17_abc_spinner_mtrl_am_alpha.9.png.flat
  data\android\sourceAmazon\resMerged\drawable-ldrtl-xxxhdpi-v17_abc_ic_menu_copy_mtrl_am_alpha.png.flat
  data\android\sourceAmazon\resMerged\drawable-ldrtl-xxxhdpi-v17_abc_ic_menu_cut_mtrl_alpha.png.flat
  data\android\sourceAmazon\resMerged\drawable-ldrtl-xxxhdpi-v17_abc_spinner_mtrl_am_alpha.9.png.flat
  data\android\sourceAmazon\resMerged\drawable-mdpi-v4_abc_ab_share_pack_mtrl_alpha.9.png.flat
  data\android\sourceAmazon\resMerged\drawable-mdpi-v4_abc_btn_check_to_on_mtrl_000.png.flat
  data\android\sourceAmazon\resMerged\drawable-mdpi-v4_abc_btn_check_to_on_mtrl_015.png.flat
  data\android\sourceAmazon\resMerged\drawable-mdpi-v4_abc_btn_radio_to_on_mtrl_000.png.flat
  data\android\sourceAmazon\resMerged\drawable-mdpi-v4_abc_btn_radio_to_on_mtrl_015.png.flat
  data\android\sourceAmazon\resMerged\drawable-mdpi-v4_abc_btn_switch_to_on_mtrl_00001.9.png.flat
  data\android\sourceAmazon\resMerged\drawable-mdpi-v4_abc_btn_switch_to_on_mtrl_00012.9.png.flat
  data\android\sourceAmazon\resMerged\drawable-mdpi-v4_abc_cab_background_top_mtrl_alpha.9.png.flat
  data\android\sourceAmazon\resMerged\drawable-mdpi-v4_abc_ic_commit_search_api_mtrl_alpha.png.flat
  data\android\sourceAmazon\resMerged\drawable-mdpi-v4_abc_ic_menu_copy_mtrl_am_alpha.png.flat
  data\android\sourceAmazon\resMerged\drawable-mdpi-v4_abc_ic_menu_cut_mtrl_alpha.png.flat
  data\android\sourceAmazon\resMerged\drawable-mdpi-v4_abc_ic_menu_paste_mtrl_am_alpha.png.flat
  data\android\sourceAmazon\resMerged\drawable-mdpi-v4_abc_ic_menu_selectall_mtrl_alpha.png.flat
  data\android\sourceAmazon\resMerged\drawable-mdpi-v4_abc_ic_menu_share_mtrl_alpha.png.flat
  data\android\sourceAmazon\resMerged\drawable-mdpi-v4_abc_ic_star_black_16dp.png.flat
  data\android\sourceAmazon\resMerged\drawable-mdpi-v4_abc_ic_star_black_36dp.png.flat
  data\android\sourceAmazon\resMerged\drawable-mdpi-v4_abc_ic_star_black_48dp.png.flat
  data\android\sourceAmazon\resMerged\drawable-mdpi-v4_abc_ic_star_half_black_16dp.png.flat
  data\android\sourceAmazon\resMerged\drawable-mdpi-v4_abc_ic_star_half_black_36dp.png.flat
  data\android\sourceAmazon\resMerged\drawable-mdpi-v4_abc_ic_star_half_black_48dp.png.flat
  data\android\sourceAmazon\resMerged\drawable-mdpi-v4_abc_list_divider_mtrl_alpha.9.png.flat
  data\android\sourceAmazon\resMerged\drawable-mdpi-v4_abc_list_focused_holo.9.png.flat
  data\android\sourceAmazon\resMerged\drawable-mdpi-v4_abc_list_longpressed_holo.9.png.flat
  data\android\sourceAmazon\resMerged\drawable-mdpi-v4_abc_list_pressed_holo_dark.9.png.flat
  data\android\sourceAmazon\resMerged\drawable-mdpi-v4_abc_list_pressed_holo_light.9.png.flat
  data\android\sourceAmazon\resMerged\drawable-mdpi-v4_abc_list_selector_disabled_holo_dark.9.png.flat
  data\android\sourceAmazon\resMerged\drawable-mdpi-v4_abc_list_selector_disabled_holo_light.9.png.flat
  data\android\sourceAmazon\resMerged\drawable-mdpi-v4_abc_menu_hardkey_panel_mtrl_mult.9.png.flat
  data\android\sourceAmazon\resMerged\drawable-mdpi-v4_abc_popup_background_mtrl_mult.9.png.flat
  data\android\sourceAmazon\resMerged\drawable-mdpi-v4_abc_scrubber_control_off_mtrl_alpha.png.flat
  data\android\sourceAmazon\resMerged\drawable-mdpi-v4_abc_scrubber_control_to_pressed_mtrl_000.png.flat
  data\android\sourceAmazon\resMerged\drawable-mdpi-v4_abc_scrubber_control_to_pressed_mtrl_005.png.flat
  data\android\sourceAmazon\resMerged\drawable-mdpi-v4_abc_scrubber_primary_mtrl_alpha.9.png.flat
  data\android\sourceAmazon\resMerged\drawable-mdpi-v4_abc_scrubber_track_mtrl_alpha.9.png.flat
  data\android\sourceAmazon\resMerged\drawable-mdpi-v4_abc_spinner_mtrl_am_alpha.9.png.flat
  data\android\sourceAmazon\resMerged\drawable-mdpi-v4_abc_switch_track_mtrl_alpha.9.png.flat
  data\android\sourceAmazon\resMerged\drawable-mdpi-v4_abc_tab_indicator_mtrl_alpha.9.png.flat
  data\android\sourceAmazon\resMerged\drawable-mdpi-v4_abc_textfield_activated_mtrl_alpha.9.png.flat
  data\android\sourceAmazon\resMerged\drawable-mdpi-v4_abc_textfield_default_mtrl_alpha.9.png.flat
  data\android\sourceAmazon\resMerged\drawable-mdpi-v4_abc_textfield_search_activated_mtrl_alpha.9.png.flat
  data\android\sourceAmazon\resMerged\drawable-mdpi-v4_abc_textfield_search_default_mtrl_alpha.9.png.flat
  data\android\sourceAmazon\resMerged\drawable-mdpi-v4_abc_text_select_handle_left_mtrl_dark.png.flat
  data\android\sourceAmazon\resMerged\drawable-mdpi-v4_abc_text_select_handle_left_mtrl_light.png.flat
  data\android\sourceAmazon\resMerged\drawable-mdpi-v4_abc_text_select_handle_middle_mtrl_dark.png.flat
  data\android\sourceAmazon\resMerged\drawable-mdpi-v4_abc_text_select_handle_middle_mtrl_light.png.flat
  data\android\sourceAmazon\resMerged\drawable-mdpi-v4_abc_text_select_handle_right_mtrl_dark.png.flat
  data\android\sourceAmazon\resMerged\drawable-mdpi-v4_abc_text_select_handle_right_mtrl_light.png.flat
  data\android\sourceAmazon\resMerged\drawable-mdpi-v4_notification_bg_low_normal.9.png.flat
  data\android\sourceAmazon\resMerged\drawable-mdpi-v4_notification_bg_low_pressed.9.png.flat
  data\android\sourceAmazon\resMerged\drawable-mdpi-v4_notification_bg_normal.9.png.flat
  data\android\sourceAmazon\resMerged\drawable-mdpi-v4_notification_bg_normal_pressed.9.png.flat
  data\android\sourceAmazon\resMerged\drawable-mdpi-v4_notify_panel_notification_icon_bg.png.flat
  data\android\sourceAmazon\resMerged\drawable-mdpi_icon.png.flat
  data\android\sourceAmazon\resMerged\drawable-mdpi_icon_white.png.flat
  data\android\sourceAmazon\resMerged\drawable-v21_abc_action_bar_item_background_material.xml.flat
  data\android\sourceAmazon\resMerged\drawable-v21_abc_btn_colored_material.xml.flat
  data\android\sourceAmazon\resMerged\drawable-v21_abc_dialog_material_background.xml.flat
  data\android\sourceAmazon\resMerged\drawable-v21_abc_edit_text_material.xml.flat
  data\android\sourceAmazon\resMerged\drawable-v21_abc_list_divider_material.xml.flat
  data\android\sourceAmazon\resMerged\drawable-v21_notification_action_background.xml.flat
  data\android\sourceAmazon\resMerged\drawable-v23_abc_control_background_material.xml.flat
  data\android\sourceAmazon\resMerged\drawable-watch-v20_abc_dialog_material_background.xml.flat
  data\android\sourceAmazon\resMerged\drawable-xhdpi-v4_abc_ab_share_pack_mtrl_alpha.9.png.flat
  data\android\sourceAmazon\resMerged\drawable-xhdpi-v4_abc_btn_check_to_on_mtrl_000.png.flat
  data\android\sourceAmazon\resMerged\drawable-xhdpi-v4_abc_btn_check_to_on_mtrl_015.png.flat
  data\android\sourceAmazon\resMerged\drawable-xhdpi-v4_abc_btn_radio_to_on_mtrl_000.png.flat
  data\android\sourceAmazon\resMerged\drawable-xhdpi-v4_abc_btn_radio_to_on_mtrl_015.png.flat
  data\android\sourceAmazon\resMerged\drawable-xhdpi-v4_abc_btn_switch_to_on_mtrl_00001.9.png.flat
  data\android\sourceAmazon\resMerged\drawable-xhdpi-v4_abc_btn_switch_to_on_mtrl_00012.9.png.flat
  data\android\sourceAmazon\resMerged\drawable-xhdpi-v4_abc_cab_background_top_mtrl_alpha.9.png.flat
  data\android\sourceAmazon\resMerged\drawable-xhdpi-v4_abc_ic_commit_search_api_mtrl_alpha.png.flat
  data\android\sourceAmazon\resMerged\drawable-xhdpi-v4_abc_ic_menu_copy_mtrl_am_alpha.png.flat
  data\android\sourceAmazon\resMerged\drawable-xhdpi-v4_abc_ic_menu_cut_mtrl_alpha.png.flat
  data\android\sourceAmazon\resMerged\drawable-xhdpi-v4_abc_ic_menu_paste_mtrl_am_alpha.png.flat
  data\android\sourceAmazon\resMerged\drawable-xhdpi-v4_abc_ic_menu_selectall_mtrl_alpha.png.flat
  data\android\sourceAmazon\resMerged\drawable-xhdpi-v4_abc_ic_menu_share_mtrl_alpha.png.flat
  data\android\sourceAmazon\resMerged\drawable-xhdpi-v4_abc_ic_star_black_16dp.png.flat
  data\android\sourceAmazon\resMerged\drawable-xhdpi-v4_abc_ic_star_black_36dp.png.flat
  data\android\sourceAmazon\resMerged\drawable-xhdpi-v4_abc_ic_star_black_48dp.png.flat
  data\android\sourceAmazon\resMerged\drawable-xhdpi-v4_abc_ic_star_half_black_16dp.png.flat
  data\android\sourceAmazon\resMerged\drawable-xhdpi-v4_abc_ic_star_half_black_36dp.png.flat
  data\android\sourceAmazon\resMerged\drawable-xhdpi-v4_abc_ic_star_half_black_48dp.png.flat
  data\android\sourceAmazon\resMerged\drawable-xhdpi-v4_abc_list_divider_mtrl_alpha.9.png.flat
  data\android\sourceAmazon\resMerged\drawable-xhdpi-v4_abc_list_focused_holo.9.png.flat
  data\android\sourceAmazon\resMerged\drawable-xhdpi-v4_abc_list_longpressed_holo.9.png.flat
  data\android\sourceAmazon\resMerged\drawable-xhdpi-v4_abc_list_pressed_holo_dark.9.png.flat
  data\android\sourceAmazon\resMerged\drawable-xhdpi-v4_abc_list_pressed_holo_light.9.png.flat
  data\android\sourceAmazon\resMerged\drawable-xhdpi-v4_abc_list_selector_disabled_holo_dark.9.png.flat
  data\android\sourceAmazon\resMerged\drawable-xhdpi-v4_abc_list_selector_disabled_holo_light.9.png.flat
  data\android\sourceAmazon\resMerged\drawable-xhdpi-v4_abc_menu_hardkey_panel_mtrl_mult.9.png.flat
  data\android\sourceAmazon\resMerged\drawable-xhdpi-v4_abc_popup_background_mtrl_mult.9.png.flat
  data\android\sourceAmazon\resMerged\drawable-xhdpi-v4_abc_scrubber_control_off_mtrl_alpha.png.flat
  data\android\sourceAmazon\resMerged\drawable-xhdpi-v4_abc_scrubber_control_to_pressed_mtrl_000.png.flat
  data\android\sourceAmazon\resMerged\drawable-xhdpi-v4_abc_scrubber_control_to_pressed_mtrl_005.png.flat
  data\android\sourceAmazon\resMerged\drawable-xhdpi-v4_abc_scrubber_primary_mtrl_alpha.9.png.flat
  data\android\sourceAmazon\resMerged\drawable-xhdpi-v4_abc_scrubber_track_mtrl_alpha.9.png.flat
  data\android\sourceAmazon\resMerged\drawable-xhdpi-v4_abc_spinner_mtrl_am_alpha.9.png.flat
  data\android\sourceAmazon\resMerged\drawable-xhdpi-v4_abc_switch_track_mtrl_alpha.9.png.flat
  data\android\sourceAmazon\resMerged\drawable-xhdpi-v4_abc_tab_indicator_mtrl_alpha.9.png.flat
  data\android\sourceAmazon\resMerged\drawable-xhdpi-v4_abc_textfield_activated_mtrl_alpha.9.png.flat
  data\android\sourceAmazon\resMerged\drawable-xhdpi-v4_abc_textfield_default_mtrl_alpha.9.png.flat
  data\android\sourceAmazon\resMerged\drawable-xhdpi-v4_abc_textfield_search_activated_mtrl_alpha.9.png.flat
  data\android\sourceAmazon\resMerged\drawable-xhdpi-v4_abc_textfield_search_default_mtrl_alpha.9.png.flat
  data\android\sourceAmazon\resMerged\drawable-xhdpi-v4_abc_text_select_handle_left_mtrl_dark.png.flat
  data\android\sourceAmazon\resMerged\drawable-xhdpi-v4_abc_text_select_handle_left_mtrl_light.png.flat
  data\android\sourceAmazon\resMerged\drawable-xhdpi-v4_abc_text_select_handle_middle_mtrl_dark.png.flat
  data\android\sourceAmazon\resMerged\drawable-xhdpi-v4_abc_text_select_handle_middle_mtrl_light.png.flat
  data\android\sourceAmazon\resMerged\drawable-xhdpi-v4_abc_text_select_handle_right_mtrl_dark.png.flat
  data\android\sourceAmazon\resMerged\drawable-xhdpi-v4_abc_text_select_handle_right_mtrl_light.png.flat
  data\android\sourceAmazon\resMerged\drawable-xhdpi-v4_notification_bg_low_normal.9.png.flat
  data\android\sourceAmazon\resMerged\drawable-xhdpi-v4_notification_bg_low_pressed.9.png.flat
  data\android\sourceAmazon\resMerged\drawable-xhdpi-v4_notification_bg_normal.9.png.flat
  data\android\sourceAmazon\resMerged\drawable-xhdpi-v4_notification_bg_normal_pressed.9.png.flat
  data\android\sourceAmazon\resMerged\drawable-xhdpi-v4_notify_panel_notification_icon_bg.png.flat
  data\android\sourceAmazon\resMerged\drawable-xhdpi_icon.png.flat
  data\android\sourceAmazon\resMerged\drawable-xhdpi_icon_white.png.flat
  data\android\sourceAmazon\resMerged\drawable-xxhdpi-v4_abc_ab_share_pack_mtrl_alpha.9.png.flat
  data\android\sourceAmazon\resMerged\drawable-xxhdpi-v4_abc_btn_check_to_on_mtrl_000.png.flat
  data\android\sourceAmazon\resMerged\drawable-xxhdpi-v4_abc_btn_check_to_on_mtrl_015.png.flat
  data\android\sourceAmazon\resMerged\drawable-xxhdpi-v4_abc_btn_radio_to_on_mtrl_000.png.flat
  data\android\sourceAmazon\resMerged\drawable-xxhdpi-v4_abc_btn_radio_to_on_mtrl_015.png.flat
  data\android\sourceAmazon\resMerged\drawable-xxhdpi-v4_abc_btn_switch_to_on_mtrl_00001.9.png.flat
  data\android\sourceAmazon\resMerged\drawable-xxhdpi-v4_abc_btn_switch_to_on_mtrl_00012.9.png.flat
  data\android\sourceAmazon\resMerged\drawable-xxhdpi-v4_abc_cab_background_top_mtrl_alpha.9.png.flat
  data\android\sourceAmazon\resMerged\drawable-xxhdpi-v4_abc_ic_commit_search_api_mtrl_alpha.png.flat
  data\android\sourceAmazon\resMerged\drawable-xxhdpi-v4_abc_ic_menu_copy_mtrl_am_alpha.png.flat
  data\android\sourceAmazon\resMerged\drawable-xxhdpi-v4_abc_ic_menu_cut_mtrl_alpha.png.flat
  data\android\sourceAmazon\resMerged\drawable-xxhdpi-v4_abc_ic_menu_paste_mtrl_am_alpha.png.flat
  data\android\sourceAmazon\resMerged\drawable-xxhdpi-v4_abc_ic_menu_selectall_mtrl_alpha.png.flat
  data\android\sourceAmazon\resMerged\drawable-xxhdpi-v4_abc_ic_menu_share_mtrl_alpha.png.flat
  data\android\sourceAmazon\resMerged\drawable-xxhdpi-v4_abc_ic_star_black_16dp.png.flat
  data\android\sourceAmazon\resMerged\drawable-xxhdpi-v4_abc_ic_star_black_36dp.png.flat
  data\android\sourceAmazon\resMerged\drawable-xxhdpi-v4_abc_ic_star_black_48dp.png.flat
  data\android\sourceAmazon\resMerged\drawable-xxhdpi-v4_abc_ic_star_half_black_16dp.png.flat
  data\android\sourceAmazon\resMerged\drawable-xxhdpi-v4_abc_ic_star_half_black_36dp.png.flat
  data\android\sourceAmazon\resMerged\drawable-xxhdpi-v4_abc_ic_star_half_black_48dp.png.flat
  data\android\sourceAmazon\resMerged\drawable-xxhdpi-v4_abc_list_divider_mtrl_alpha.9.png.flat
  data\android\sourceAmazon\resMerged\drawable-xxhdpi-v4_abc_list_focused_holo.9.png.flat
  data\android\sourceAmazon\resMerged\drawable-xxhdpi-v4_abc_list_longpressed_holo.9.png.flat
  data\android\sourceAmazon\resMerged\drawable-xxhdpi-v4_abc_list_pressed_holo_dark.9.png.flat
  data\android\sourceAmazon\resMerged\drawable-xxhdpi-v4_abc_list_pressed_holo_light.9.png.flat
  data\android\sourceAmazon\resMerged\drawable-xxhdpi-v4_abc_list_selector_disabled_holo_dark.9.png.flat
  data\android\sourceAmazon\resMerged\drawable-xxhdpi-v4_abc_list_selector_disabled_holo_light.9.png.flat
  data\android\sourceAmazon\resMerged\drawable-xxhdpi-v4_abc_menu_hardkey_panel_mtrl_mult.9.png.flat
  data\android\sourceAmazon\resMerged\drawable-xxhdpi-v4_abc_popup_background_mtrl_mult.9.png.flat
  data\android\sourceAmazon\resMerged\drawable-xxhdpi-v4_abc_scrubber_control_off_mtrl_alpha.png.flat
  data\android\sourceAmazon\resMerged\drawable-xxhdpi-v4_abc_scrubber_control_to_pressed_mtrl_000.png.flat
  data\android\sourceAmazon\resMerged\drawable-xxhdpi-v4_abc_scrubber_control_to_pressed_mtrl_005.png.flat
  data\android\sourceAmazon\resMerged\drawable-xxhdpi-v4_abc_scrubber_primary_mtrl_alpha.9.png.flat
  data\android\sourceAmazon\resMerged\drawable-xxhdpi-v4_abc_scrubber_track_mtrl_alpha.9.png.flat
  data\android\sourceAmazon\resMerged\drawable-xxhdpi-v4_abc_spinner_mtrl_am_alpha.9.png.flat
  data\android\sourceAmazon\resMerged\drawable-xxhdpi-v4_abc_switch_track_mtrl_alpha.9.png.flat
  data\android\sourceAmazon\resMerged\drawable-xxhdpi-v4_abc_tab_indicator_mtrl_alpha.9.png.flat
  data\android\sourceAmazon\resMerged\drawable-xxhdpi-v4_abc_textfield_activated_mtrl_alpha.9.png.flat
  data\android\sourceAmazon\resMerged\drawable-xxhdpi-v4_abc_textfield_default_mtrl_alpha.9.png.flat
  data\android\sourceAmazon\resMerged\drawable-xxhdpi-v4_abc_textfield_search_activated_mtrl_alpha.9.png.flat
  data\android\sourceAmazon\resMerged\drawable-xxhdpi-v4_abc_textfield_search_default_mtrl_alpha.9.png.flat
  data\android\sourceAmazon\resMerged\drawable-xxhdpi-v4_abc_text_select_handle_left_mtrl_dark.png.flat
  data\android\sourceAmazon\resMerged\drawable-xxhdpi-v4_abc_text_select_handle_left_mtrl_light.png.flat
  data\android\sourceAmazon\resMerged\drawable-xxhdpi-v4_abc_text_select_handle_middle_mtrl_dark.png.flat
  data\android\sourceAmazon\resMerged\drawable-xxhdpi-v4_abc_text_select_handle_middle_mtrl_light.png.flat
  data\android\sourceAmazon\resMerged\drawable-xxhdpi-v4_abc_text_select_handle_right_mtrl_dark.png.flat
  data\android\sourceAmazon\resMerged\drawable-xxhdpi-v4_abc_text_select_handle_right_mtrl_light.png.flat
  data\android\sourceAmazon\resMerged\drawable-xxhdpi_icon.png.flat
  data\android\sourceAmazon\resMerged\drawable-xxhdpi_icon_white.png.flat
  data\android\sourceAmazon\resMerged\drawable-xxxhdpi-v4_abc_btn_check_to_on_mtrl_000.png.flat
  data\android\sourceAmazon\resMerged\drawable-xxxhdpi-v4_abc_btn_check_to_on_mtrl_015.png.flat
  data\android\sourceAmazon\resMerged\drawable-xxxhdpi-v4_abc_btn_radio_to_on_mtrl_000.png.flat
  data\android\sourceAmazon\resMerged\drawable-xxxhdpi-v4_abc_btn_radio_to_on_mtrl_015.png.flat
  data\android\sourceAmazon\resMerged\drawable-xxxhdpi-v4_abc_btn_switch_to_on_mtrl_00001.9.png.flat
  data\android\sourceAmazon\resMerged\drawable-xxxhdpi-v4_abc_btn_switch_to_on_mtrl_00012.9.png.flat
  data\android\sourceAmazon\resMerged\drawable-xxxhdpi-v4_abc_ic_menu_copy_mtrl_am_alpha.png.flat
  data\android\sourceAmazon\resMerged\drawable-xxxhdpi-v4_abc_ic_menu_cut_mtrl_alpha.png.flat
  data\android\sourceAmazon\resMerged\drawable-xxxhdpi-v4_abc_ic_menu_paste_mtrl_am_alpha.png.flat
  data\android\sourceAmazon\resMerged\drawable-xxxhdpi-v4_abc_ic_menu_selectall_mtrl_alpha.png.flat
  data\android\sourceAmazon\resMerged\drawable-xxxhdpi-v4_abc_ic_menu_share_mtrl_alpha.png.flat
  data\android\sourceAmazon\resMerged\drawable-xxxhdpi-v4_abc_ic_star_black_16dp.png.flat
  data\android\sourceAmazon\resMerged\drawable-xxxhdpi-v4_abc_ic_star_black_36dp.png.flat
  data\android\sourceAmazon\resMerged\drawable-xxxhdpi-v4_abc_ic_star_black_48dp.png.flat
  data\android\sourceAmazon\resMerged\drawable-xxxhdpi-v4_abc_ic_star_half_black_16dp.png.flat
  data\android\sourceAmazon\resMerged\drawable-xxxhdpi-v4_abc_ic_star_half_black_36dp.png.flat
  data\android\sourceAmazon\resMerged\drawable-xxxhdpi-v4_abc_ic_star_half_black_48dp.png.flat
  data\android\sourceAmazon\resMerged\drawable-xxxhdpi-v4_abc_scrubber_control_to_pressed_mtrl_000.png.flat
  data\android\sourceAmazon\resMerged\drawable-xxxhdpi-v4_abc_scrubber_control_to_pressed_mtrl_005.png.flat
  data\android\sourceAmazon\resMerged\drawable-xxxhdpi-v4_abc_spinner_mtrl_am_alpha.9.png.flat
  data\android\sourceAmazon\resMerged\drawable-xxxhdpi-v4_abc_switch_track_mtrl_alpha.9.png.flat
  data\android\sourceAmazon\resMerged\drawable-xxxhdpi-v4_abc_tab_indicator_mtrl_alpha.9.png.flat
  data\android\sourceAmazon\resMerged\drawable-xxxhdpi-v4_abc_text_select_handle_left_mtrl_dark.png.flat
  data\android\sourceAmazon\resMerged\drawable-xxxhdpi-v4_abc_text_select_handle_left_mtrl_light.png.flat
  data\android\sourceAmazon\resMerged\drawable-xxxhdpi-v4_abc_text_select_handle_right_mtrl_dark.png.flat
  data\android\sourceAmazon\resMerged\drawable-xxxhdpi-v4_abc_text_select_handle_right_mtrl_light.png.flat
  data\android\sourceAmazon\resMerged\drawable-xxxhdpi_icon.png.flat
  data\android\sourceAmazon\resMerged\drawable-xxxhdpi_icon_white.png.flat
  data\android\sourceAmazon\resMerged\drawable_abc_btn_borderless_material.xml.flat
  data\android\sourceAmazon\resMerged\drawable_abc_btn_check_material.xml.flat
  data\android\sourceAmazon\resMerged\drawable_abc_btn_check_material_anim.xml.flat
  data\android\sourceAmazon\resMerged\drawable_abc_btn_colored_material.xml.flat
  data\android\sourceAmazon\resMerged\drawable_abc_btn_default_mtrl_shape.xml.flat
  data\android\sourceAmazon\resMerged\drawable_abc_btn_radio_material.xml.flat
  data\android\sourceAmazon\resMerged\drawable_abc_btn_radio_material_anim.xml.flat
  data\android\sourceAmazon\resMerged\drawable_abc_cab_background_internal_bg.xml.flat
  data\android\sourceAmazon\resMerged\drawable_abc_cab_background_top_material.xml.flat
  data\android\sourceAmazon\resMerged\drawable_abc_dialog_material_background.xml.flat
  data\android\sourceAmazon\resMerged\drawable_abc_edit_text_material.xml.flat
  data\android\sourceAmazon\resMerged\drawable_abc_ic_ab_back_material.xml.flat
  data\android\sourceAmazon\resMerged\drawable_abc_ic_arrow_drop_right_black_24dp.xml.flat
  data\android\sourceAmazon\resMerged\drawable_abc_ic_clear_material.xml.flat
  data\android\sourceAmazon\resMerged\drawable_abc_ic_go_search_api_material.xml.flat
  data\android\sourceAmazon\resMerged\drawable_abc_ic_menu_overflow_material.xml.flat
  data\android\sourceAmazon\resMerged\drawable_abc_ic_search_api_material.xml.flat
  data\android\sourceAmazon\resMerged\drawable_abc_ic_voice_search_api_material.xml.flat
  data\android\sourceAmazon\resMerged\drawable_abc_item_background_holo_dark.xml.flat
  data\android\sourceAmazon\resMerged\drawable_abc_item_background_holo_light.xml.flat
  data\android\sourceAmazon\resMerged\drawable_abc_list_divider_material.xml.flat
  data\android\sourceAmazon\resMerged\drawable_abc_list_selector_background_transition_holo_dark.xml.flat
  data\android\sourceAmazon\resMerged\drawable_abc_list_selector_background_transition_holo_light.xml.flat
  data\android\sourceAmazon\resMerged\drawable_abc_list_selector_holo_dark.xml.flat
  data\android\sourceAmazon\resMerged\drawable_abc_list_selector_holo_light.xml.flat
  data\android\sourceAmazon\resMerged\drawable_abc_ratingbar_indicator_material.xml.flat
  data\android\sourceAmazon\resMerged\drawable_abc_ratingbar_material.xml.flat
  data\android\sourceAmazon\resMerged\drawable_abc_ratingbar_small_material.xml.flat
  data\android\sourceAmazon\resMerged\drawable_abc_seekbar_thumb_material.xml.flat
  data\android\sourceAmazon\resMerged\drawable_abc_seekbar_tick_mark_material.xml.flat
  data\android\sourceAmazon\resMerged\drawable_abc_seekbar_track_material.xml.flat
  data\android\sourceAmazon\resMerged\drawable_abc_spinner_textfield_background_material.xml.flat
  data\android\sourceAmazon\resMerged\drawable_abc_switch_thumb_material.xml.flat
  data\android\sourceAmazon\resMerged\drawable_abc_tab_indicator_material.xml.flat
  data\android\sourceAmazon\resMerged\drawable_abc_textfield_search_material.xml.flat
  data\android\sourceAmazon\resMerged\drawable_abc_text_cursor_material.xml.flat
  data\android\sourceAmazon\resMerged\drawable_abc_vector_test.xml.flat
  data\android\sourceAmazon\resMerged\drawable_btn_checkbox_checked_mtrl.xml.flat
  data\android\sourceAmazon\resMerged\drawable_btn_checkbox_checked_to_unchecked_mtrl_animation.xml.flat
  data\android\sourceAmazon\resMerged\drawable_btn_checkbox_unchecked_mtrl.xml.flat
  data\android\sourceAmazon\resMerged\drawable_btn_checkbox_unchecked_to_checked_mtrl_animation.xml.flat
  data\android\sourceAmazon\resMerged\drawable_btn_radio_off_mtrl.xml.flat
  data\android\sourceAmazon\resMerged\drawable_btn_radio_off_to_on_mtrl_animation.xml.flat
  data\android\sourceAmazon\resMerged\drawable_btn_radio_on_mtrl.xml.flat
  data\android\sourceAmazon\resMerged\drawable_btn_radio_on_to_off_mtrl_animation.xml.flat
  data\android\sourceAmazon\resMerged\drawable_notification_bg.xml.flat
  data\android\sourceAmazon\resMerged\drawable_notification_bg_low.xml.flat
  data\android\sourceAmazon\resMerged\drawable_notification_icon_background.xml.flat
  data\android\sourceAmazon\resMerged\drawable_notification_tile_bg.xml.flat
  data\android\sourceAmazon\resMerged\drawable_tooltip_frame_dark.xml.flat
  data\android\sourceAmazon\resMerged\drawable_tooltip_frame_light.xml.flat
  data\android\sourceAmazon\resMerged\interpolator_btn_checkbox_checked_mtrl_animation_interpolator_0.xml.flat
  data\android\sourceAmazon\resMerged\interpolator_btn_checkbox_checked_mtrl_animation_interpolator_1.xml.flat
  data\android\sourceAmazon\resMerged\interpolator_btn_checkbox_unchecked_mtrl_animation_interpolator_0.xml.flat
  data\android\sourceAmazon\resMerged\interpolator_btn_checkbox_unchecked_mtrl_animation_interpolator_1.xml.flat
  data\android\sourceAmazon\resMerged\interpolator_btn_radio_to_off_mtrl_animation_interpolator_0.xml.flat
  data\android\sourceAmazon\resMerged\interpolator_btn_radio_to_on_mtrl_animation_interpolator_0.xml.flat
  data\android\sourceAmazon\resMerged\interpolator_fast_out_slow_in.xml.flat
  data\android\sourceAmazon\resMerged\layout-v16_notification_template_custom_big.xml.flat
  data\android\sourceAmazon\resMerged\layout-v21_notification_action.xml.flat
  data\android\sourceAmazon\resMerged\layout-v21_notification_action_tombstone.xml.flat
  data\android\sourceAmazon\resMerged\layout-v21_notification_template_custom_big.xml.flat
  data\android\sourceAmazon\resMerged\layout-v21_notification_template_icon_group.xml.flat
  data\android\sourceAmazon\resMerged\layout-v26_abc_screen_toolbar.xml.flat
  data\android\sourceAmazon\resMerged\layout-watch-v20_abc_alert_dialog_button_bar_material.xml.flat
  data\android\sourceAmazon\resMerged\layout-watch-v20_abc_alert_dialog_title_material.xml.flat
  data\android\sourceAmazon\resMerged\layout_abc_action_bar_title_item.xml.flat
  data\android\sourceAmazon\resMerged\layout_abc_action_bar_up_container.xml.flat
  data\android\sourceAmazon\resMerged\layout_abc_action_menu_item_layout.xml.flat
  data\android\sourceAmazon\resMerged\layout_abc_action_menu_layout.xml.flat
  data\android\sourceAmazon\resMerged\layout_abc_action_mode_bar.xml.flat
  data\android\sourceAmazon\resMerged\layout_abc_action_mode_close_item_material.xml.flat
  data\android\sourceAmazon\resMerged\layout_abc_activity_chooser_view.xml.flat
  data\android\sourceAmazon\resMerged\layout_abc_activity_chooser_view_list_item.xml.flat
  data\android\sourceAmazon\resMerged\layout_abc_alert_dialog_button_bar_material.xml.flat
  data\android\sourceAmazon\resMerged\layout_abc_alert_dialog_material.xml.flat
  data\android\sourceAmazon\resMerged\layout_abc_alert_dialog_title_material.xml.flat
  data\android\sourceAmazon\resMerged\layout_abc_cascading_menu_item_layout.xml.flat
  data\android\sourceAmazon\resMerged\layout_abc_dialog_title_material.xml.flat
  data\android\sourceAmazon\resMerged\layout_abc_expanded_menu_layout.xml.flat
  data\android\sourceAmazon\resMerged\layout_abc_list_menu_item_checkbox.xml.flat
  data\android\sourceAmazon\resMerged\layout_abc_list_menu_item_icon.xml.flat
  data\android\sourceAmazon\resMerged\layout_abc_list_menu_item_layout.xml.flat
  data\android\sourceAmazon\resMerged\layout_abc_list_menu_item_radio.xml.flat
  data\android\sourceAmazon\resMerged\layout_abc_popup_menu_header_item_layout.xml.flat
  data\android\sourceAmazon\resMerged\layout_abc_popup_menu_item_layout.xml.flat
  data\android\sourceAmazon\resMerged\layout_abc_screen_content_include.xml.flat
  data\android\sourceAmazon\resMerged\layout_abc_screen_simple.xml.flat
  data\android\sourceAmazon\resMerged\layout_abc_screen_simple_overlay_action_mode.xml.flat
  data\android\sourceAmazon\resMerged\layout_abc_screen_toolbar.xml.flat
  data\android\sourceAmazon\resMerged\layout_abc_search_dropdown_item_icons_2line.xml.flat
  data\android\sourceAmazon\resMerged\layout_abc_search_view.xml.flat
  data\android\sourceAmazon\resMerged\layout_abc_select_dialog_material.xml.flat
  data\android\sourceAmazon\resMerged\layout_abc_tooltip.xml.flat
  data\android\sourceAmazon\resMerged\layout_browser_actions_context_menu_page.xml.flat
  data\android\sourceAmazon\resMerged\layout_browser_actions_context_menu_row.xml.flat
  data\android\sourceAmazon\resMerged\layout_custom_dialog.xml.flat
  data\android\sourceAmazon\resMerged\layout_facebookmain.xml.flat
  data\android\sourceAmazon\resMerged\layout_main.xml.flat
  data\android\sourceAmazon\resMerged\layout_notification_action.xml.flat
  data\android\sourceAmazon\resMerged\layout_notification_action_tombstone.xml.flat
  data\android\sourceAmazon\resMerged\layout_notification_media_action.xml.flat
  data\android\sourceAmazon\resMerged\layout_notification_media_cancel_action.xml.flat
  data\android\sourceAmazon\resMerged\layout_notification_template_big_media.xml.flat
  data\android\sourceAmazon\resMerged\layout_notification_template_big_media_custom.xml.flat
  data\android\sourceAmazon\resMerged\layout_notification_template_big_media_narrow.xml.flat
  data\android\sourceAmazon\resMerged\layout_notification_template_big_media_narrow_custom.xml.flat
  data\android\sourceAmazon\resMerged\layout_notification_template_custom_big.xml.flat
  data\android\sourceAmazon\resMerged\layout_notification_template_icon_group.xml.flat
  data\android\sourceAmazon\resMerged\layout_notification_template_lines_media.xml.flat
  data\android\sourceAmazon\resMerged\layout_notification_template_media.xml.flat
  data\android\sourceAmazon\resMerged\layout_notification_template_media_custom.xml.flat
  data\android\sourceAmazon\resMerged\layout_notification_template_part_chronometer.xml.flat
  data\android\sourceAmazon\resMerged\layout_notification_template_part_time.xml.flat
  data\android\sourceAmazon\resMerged\layout_select_dialog_item_material.xml.flat
  data\android\sourceAmazon\resMerged\layout_select_dialog_multichoice_material.xml.flat
  data\android\sourceAmazon\resMerged\layout_select_dialog_singlechoice_material.xml.flat
  data\android\sourceAmazon\resMerged\layout_support_simple_spinner_dropdown_item.xml.flat
  data\android\sourceAmazon\resMerged\values-af_values-af.arsc.flat
  data\android\sourceAmazon\resMerged\values-am_values-am.arsc.flat
  data\android\sourceAmazon\resMerged\values-ar_values-ar.arsc.flat
  data\android\sourceAmazon\resMerged\values-as_values-as.arsc.flat
  data\android\sourceAmazon\resMerged\values-az_values-az.arsc.flat
  data\android\sourceAmazon\resMerged\values-b+sr+Latn_values-b+sr+Latn.arsc.flat
  data\android\sourceAmazon\resMerged\values-be_values-be.arsc.flat
  data\android\sourceAmazon\resMerged\values-bg_values-bg.arsc.flat
  data\android\sourceAmazon\resMerged\values-bn_values-bn.arsc.flat
  data\android\sourceAmazon\resMerged\values-bs_values-bs.arsc.flat
  data\android\sourceAmazon\resMerged\values-ca_values-ca.arsc.flat
  data\android\sourceAmazon\resMerged\values-cs_values-cs.arsc.flat
  data\android\sourceAmazon\resMerged\values-da_values-da.arsc.flat
  data\android\sourceAmazon\resMerged\values-de_values-de.arsc.flat
  data\android\sourceAmazon\resMerged\values-el_values-el.arsc.flat
  data\android\sourceAmazon\resMerged\values-en-rAU_values-en-rAU.arsc.flat
  data\android\sourceAmazon\resMerged\values-en-rCA_values-en-rCA.arsc.flat
  data\android\sourceAmazon\resMerged\values-en-rGB_values-en-rGB.arsc.flat
  data\android\sourceAmazon\resMerged\values-en-rIN_values-en-rIN.arsc.flat
  data\android\sourceAmazon\resMerged\values-en-rXC_values-en-rXC.arsc.flat
  data\android\sourceAmazon\resMerged\values-es-rUS_values-es-rUS.arsc.flat
  data\android\sourceAmazon\resMerged\values-es_values-es.arsc.flat
  data\android\sourceAmazon\resMerged\values-et_values-et.arsc.flat
  data\android\sourceAmazon\resMerged\values-eu_values-eu.arsc.flat
  data\android\sourceAmazon\resMerged\values-fa_values-fa.arsc.flat
  data\android\sourceAmazon\resMerged\values-fi_values-fi.arsc.flat
  data\android\sourceAmazon\resMerged\values-fr-rCA_values-fr-rCA.arsc.flat
  data\android\sourceAmazon\resMerged\values-fr_values-fr.arsc.flat
  data\android\sourceAmazon\resMerged\values-gl_values-gl.arsc.flat
  data\android\sourceAmazon\resMerged\values-gu_values-gu.arsc.flat
  data\android\sourceAmazon\resMerged\values-h720dp-v13_values-h720dp-v13.arsc.flat
  data\android\sourceAmazon\resMerged\values-hdpi-v4_values-hdpi-v4.arsc.flat
  data\android\sourceAmazon\resMerged\values-hi_values-hi.arsc.flat
  data\android\sourceAmazon\resMerged\values-hr_values-hr.arsc.flat
  data\android\sourceAmazon\resMerged\values-hu_values-hu.arsc.flat
  data\android\sourceAmazon\resMerged\values-hy_values-hy.arsc.flat
  data\android\sourceAmazon\resMerged\values-in_values-in.arsc.flat
  data\android\sourceAmazon\resMerged\values-is_values-is.arsc.flat
  data\android\sourceAmazon\resMerged\values-it_values-it.arsc.flat
  data\android\sourceAmazon\resMerged\values-iw_values-iw.arsc.flat
  data\android\sourceAmazon\resMerged\values-ja_values-ja.arsc.flat
  data\android\sourceAmazon\resMerged\values-ka_values-ka.arsc.flat
  data\android\sourceAmazon\resMerged\values-kk_values-kk.arsc.flat
  data\android\sourceAmazon\resMerged\values-km_values-km.arsc.flat
  data\android\sourceAmazon\resMerged\values-kn_values-kn.arsc.flat
  data\android\sourceAmazon\resMerged\values-ko_values-ko.arsc.flat
  data\android\sourceAmazon\resMerged\values-ky_values-ky.arsc.flat
  data\android\sourceAmazon\resMerged\values-land_values-land.arsc.flat
  data\android\sourceAmazon\resMerged\values-large-v4_values-large-v4.arsc.flat
  data\android\sourceAmazon\resMerged\values-ldltr-v21_values-ldltr-v21.arsc.flat
  data\android\sourceAmazon\resMerged\values-lo_values-lo.arsc.flat
  data\android\sourceAmazon\resMerged\values-lt_values-lt.arsc.flat
  data\android\sourceAmazon\resMerged\values-lv_values-lv.arsc.flat
  data\android\sourceAmazon\resMerged\values-mk_values-mk.arsc.flat
  data\android\sourceAmazon\resMerged\values-ml_values-ml.arsc.flat
  data\android\sourceAmazon\resMerged\values-mn_values-mn.arsc.flat
  data\android\sourceAmazon\resMerged\values-mr_values-mr.arsc.flat
  data\android\sourceAmazon\resMerged\values-ms_values-ms.arsc.flat
  data\android\sourceAmazon\resMerged\values-my_values-my.arsc.flat
  data\android\sourceAmazon\resMerged\values-nb_values-nb.arsc.flat
  data\android\sourceAmazon\resMerged\values-ne_values-ne.arsc.flat
  data\android\sourceAmazon\resMerged\values-night-v8_values-night-v8.arsc.flat
  data\android\sourceAmazon\resMerged\values-nl_values-nl.arsc.flat
  data\android\sourceAmazon\resMerged\values-or_values-or.arsc.flat
  data\android\sourceAmazon\resMerged\values-pa_values-pa.arsc.flat
  data\android\sourceAmazon\resMerged\values-pl_values-pl.arsc.flat
  data\android\sourceAmazon\resMerged\values-port_values-port.arsc.flat
  data\android\sourceAmazon\resMerged\values-pt-rBR_values-pt-rBR.arsc.flat
  data\android\sourceAmazon\resMerged\values-pt-rPT_values-pt-rPT.arsc.flat
  data\android\sourceAmazon\resMerged\values-pt_values-pt.arsc.flat
  data\android\sourceAmazon\resMerged\values-ro_values-ro.arsc.flat
  data\android\sourceAmazon\resMerged\values-ru_values-ru.arsc.flat
  data\android\sourceAmazon\resMerged\values-si_values-si.arsc.flat
  data\android\sourceAmazon\resMerged\values-sk_values-sk.arsc.flat
  data\android\sourceAmazon\resMerged\values-sl_values-sl.arsc.flat
  data\android\sourceAmazon\resMerged\values-sq_values-sq.arsc.flat
  data\android\sourceAmazon\resMerged\values-sr_values-sr.arsc.flat
  data\android\sourceAmazon\resMerged\values-sv_values-sv.arsc.flat
  data\android\sourceAmazon\resMerged\values-sw600dp-v13_values-sw600dp-v13.arsc.flat
  data\android\sourceAmazon\resMerged\values-sw_values-sw.arsc.flat
  data\android\sourceAmazon\resMerged\values-ta_values-ta.arsc.flat
  data\android\sourceAmazon\resMerged\values-te_values-te.arsc.flat
  data\android\sourceAmazon\resMerged\values-th_values-th.arsc.flat
  data\android\sourceAmazon\resMerged\values-tl_values-tl.arsc.flat
  data\android\sourceAmazon\resMerged\values-tr_values-tr.arsc.flat
  data\android\sourceAmazon\resMerged\values-uk_values-uk.arsc.flat
  data\android\sourceAmazon\resMerged\values-ur_values-ur.arsc.flat
  data\android\sourceAmazon\resMerged\values-uz_values-uz.arsc.flat
  data\android\sourceAmazon\resMerged\values-v16_values-v16.arsc.flat
  data\android\sourceAmazon\resMerged\values-v17_values-v17.arsc.flat
  data\android\sourceAmazon\resMerged\values-v18_values-v18.arsc.flat
  data\android\sourceAmazon\resMerged\values-v21_values-v21.arsc.flat
  data\android\sourceAmazon\resMerged\values-v22_values-v22.arsc.flat
  data\android\sourceAmazon\resMerged\values-v23_values-v23.arsc.flat
  data\android\sourceAmazon\resMerged\values-v24_values-v24.arsc.flat
  data\android\sourceAmazon\resMerged\values-v25_values-v25.arsc.flat
  data\android\sourceAmazon\resMerged\values-v26_values-v26.arsc.flat
  data\android\sourceAmazon\resMerged\values-v28_values-v28.arsc.flat
  data\android\sourceAmazon\resMerged\values-vi_values-vi.arsc.flat
  data\android\sourceAmazon\resMerged\values-watch-v20_values-watch-v20.arsc.flat
  data\android\sourceAmazon\resMerged\values-watch-v21_values-watch-v21.arsc.flat
  data\android\sourceAmazon\resMerged\values-xlarge-v4_values-xlarge-v4.arsc.flat
  data\android\sourceAmazon\resMerged\values-zh-rCN_values-zh-rCN.arsc.flat
  data\android\sourceAmazon\resMerged\values-zh-rHK_values-zh-rHK.arsc.flat
  data\android\sourceAmazon\resMerged\values-zh-rTW_values-zh-rTW.arsc.flat
  data\android\sourceAmazon\resMerged\values-zu_values-zu.arsc.flat
  data\android\sourceAmazon\resMerged\values_values.arsc.flat
  data\android\sourceAmazon\resMerged\xml_provider_paths.xml.flat
  data\android\sourceAmazon\resOrig\values\values.xml
  data\android\sourceGoogle\AndroidManifest.xml
  data\android\sourceGoogle\BundleConfig.json
  data\android\sourceGoogle\classes.dex
  data\android\sourceGoogle\resMerged\anim-v21_fragment_fast_out_extra_slow_in.xml.flat
  data\android\sourceGoogle\resMerged\animator_fragment_close_enter.xml.flat
  data\android\sourceGoogle\resMerged\animator_fragment_close_exit.xml.flat
  data\android\sourceGoogle\resMerged\animator_fragment_fade_enter.xml.flat
  data\android\sourceGoogle\resMerged\animator_fragment_fade_exit.xml.flat
  data\android\sourceGoogle\resMerged\animator_fragment_open_enter.xml.flat
  data\android\sourceGoogle\resMerged\animator_fragment_open_exit.xml.flat
  data\android\sourceGoogle\resMerged\anim_abc_fade_in.xml.flat
  data\android\sourceGoogle\resMerged\anim_abc_fade_out.xml.flat
  data\android\sourceGoogle\resMerged\anim_abc_grow_fade_in_from_bottom.xml.flat
  data\android\sourceGoogle\resMerged\anim_abc_popup_enter.xml.flat
  data\android\sourceGoogle\resMerged\anim_abc_popup_exit.xml.flat
  data\android\sourceGoogle\resMerged\anim_abc_shrink_fade_out_from_bottom.xml.flat
  data\android\sourceGoogle\resMerged\anim_abc_slide_in_bottom.xml.flat
  data\android\sourceGoogle\resMerged\anim_abc_slide_in_top.xml.flat
  data\android\sourceGoogle\resMerged\anim_abc_slide_out_bottom.xml.flat
  data\android\sourceGoogle\resMerged\anim_abc_slide_out_top.xml.flat
  data\android\sourceGoogle\resMerged\anim_abc_tooltip_enter.xml.flat
  data\android\sourceGoogle\resMerged\anim_abc_tooltip_exit.xml.flat
  data\android\sourceGoogle\resMerged\anim_btn_checkbox_to_checked_box_inner_merged_animation.xml.flat
  data\android\sourceGoogle\resMerged\anim_btn_checkbox_to_checked_box_outer_merged_animation.xml.flat
  data\android\sourceGoogle\resMerged\anim_btn_checkbox_to_checked_icon_null_animation.xml.flat
  data\android\sourceGoogle\resMerged\anim_btn_checkbox_to_unchecked_box_inner_merged_animation.xml.flat
  data\android\sourceGoogle\resMerged\anim_btn_checkbox_to_unchecked_check_path_merged_animation.xml.flat
  data\android\sourceGoogle\resMerged\anim_btn_checkbox_to_unchecked_icon_null_animation.xml.flat
  data\android\sourceGoogle\resMerged\anim_btn_radio_to_off_mtrl_dot_group_animation.xml.flat
  data\android\sourceGoogle\resMerged\anim_btn_radio_to_off_mtrl_ring_outer_animation.xml.flat
  data\android\sourceGoogle\resMerged\anim_btn_radio_to_off_mtrl_ring_outer_path_animation.xml.flat
  data\android\sourceGoogle\resMerged\anim_btn_radio_to_on_mtrl_dot_group_animation.xml.flat
  data\android\sourceGoogle\resMerged\anim_btn_radio_to_on_mtrl_ring_outer_animation.xml.flat
  data\android\sourceGoogle\resMerged\anim_btn_radio_to_on_mtrl_ring_outer_path_animation.xml.flat
  data\android\sourceGoogle\resMerged\anim_fragment_fast_out_extra_slow_in.xml.flat
  data\android\sourceGoogle\resMerged\color-v21_abc_btn_colored_borderless_text_material.xml.flat
  data\android\sourceGoogle\resMerged\color-v23_abc_btn_colored_borderless_text_material.xml.flat
  data\android\sourceGoogle\resMerged\color-v23_abc_btn_colored_text_material.xml.flat
  data\android\sourceGoogle\resMerged\color-v23_abc_color_highlight_material.xml.flat
  data\android\sourceGoogle\resMerged\color-v23_abc_tint_btn_checkable.xml.flat
  data\android\sourceGoogle\resMerged\color-v23_abc_tint_default.xml.flat
  data\android\sourceGoogle\resMerged\color-v23_abc_tint_edittext.xml.flat
  data\android\sourceGoogle\resMerged\color-v23_abc_tint_seek_thumb.xml.flat
  data\android\sourceGoogle\resMerged\color-v23_abc_tint_spinner.xml.flat
  data\android\sourceGoogle\resMerged\color-v23_abc_tint_switch_track.xml.flat
  data\android\sourceGoogle\resMerged\color_abc_background_cache_hint_selector_material_dark.xml.flat
  data\android\sourceGoogle\resMerged\color_abc_background_cache_hint_selector_material_light.xml.flat
  data\android\sourceGoogle\resMerged\color_abc_btn_colored_borderless_text_material.xml.flat
  data\android\sourceGoogle\resMerged\color_abc_btn_colored_text_material.xml.flat
  data\android\sourceGoogle\resMerged\color_abc_hint_foreground_material_dark.xml.flat
  data\android\sourceGoogle\resMerged\color_abc_hint_foreground_material_light.xml.flat
  data\android\sourceGoogle\resMerged\color_abc_primary_text_disable_only_material_dark.xml.flat
  data\android\sourceGoogle\resMerged\color_abc_primary_text_disable_only_material_light.xml.flat
  data\android\sourceGoogle\resMerged\color_abc_primary_text_material_dark.xml.flat
  data\android\sourceGoogle\resMerged\color_abc_primary_text_material_light.xml.flat
  data\android\sourceGoogle\resMerged\color_abc_search_url_text.xml.flat
  data\android\sourceGoogle\resMerged\color_abc_secondary_text_material_dark.xml.flat
  data\android\sourceGoogle\resMerged\color_abc_secondary_text_material_light.xml.flat
  data\android\sourceGoogle\resMerged\color_abc_tint_btn_checkable.xml.flat
  data\android\sourceGoogle\resMerged\color_abc_tint_default.xml.flat
  data\android\sourceGoogle\resMerged\color_abc_tint_edittext.xml.flat
  data\android\sourceGoogle\resMerged\color_abc_tint_seek_thumb.xml.flat
  data\android\sourceGoogle\resMerged\color_abc_tint_spinner.xml.flat
  data\android\sourceGoogle\resMerged\color_abc_tint_switch_track.xml.flat
  data\android\sourceGoogle\resMerged\color_common_google_signin_btn_text_dark.xml.flat
  data\android\sourceGoogle\resMerged\color_common_google_signin_btn_text_light.xml.flat
  data\android\sourceGoogle\resMerged\color_common_google_signin_btn_tint.xml.flat
  data\android\sourceGoogle\resMerged\color_switch_thumb_material_dark.xml.flat
  data\android\sourceGoogle\resMerged\color_switch_thumb_material_light.xml.flat
  data\android\sourceGoogle\resMerged\drawable-hdpi-v4_abc_ab_share_pack_mtrl_alpha.9.png.flat
  data\android\sourceGoogle\resMerged\drawable-hdpi-v4_abc_btn_check_to_on_mtrl_000.png.flat
  data\android\sourceGoogle\resMerged\drawable-hdpi-v4_abc_btn_check_to_on_mtrl_015.png.flat
  data\android\sourceGoogle\resMerged\drawable-hdpi-v4_abc_btn_radio_to_on_mtrl_000.png.flat
  data\android\sourceGoogle\resMerged\drawable-hdpi-v4_abc_btn_radio_to_on_mtrl_015.png.flat
  data\android\sourceGoogle\resMerged\drawable-hdpi-v4_abc_btn_switch_to_on_mtrl_00001.9.png.flat
  data\android\sourceGoogle\resMerged\drawable-hdpi-v4_abc_btn_switch_to_on_mtrl_00012.9.png.flat
  data\android\sourceGoogle\resMerged\drawable-hdpi-v4_abc_cab_background_top_mtrl_alpha.9.png.flat
  data\android\sourceGoogle\resMerged\drawable-hdpi-v4_abc_ic_commit_search_api_mtrl_alpha.png.flat
  data\android\sourceGoogle\resMerged\drawable-hdpi-v4_abc_list_divider_mtrl_alpha.9.png.flat
  data\android\sourceGoogle\resMerged\drawable-hdpi-v4_abc_list_focused_holo.9.png.flat
  data\android\sourceGoogle\resMerged\drawable-hdpi-v4_abc_list_longpressed_holo.9.png.flat
  data\android\sourceGoogle\resMerged\drawable-hdpi-v4_abc_list_pressed_holo_dark.9.png.flat
  data\android\sourceGoogle\resMerged\drawable-hdpi-v4_abc_list_pressed_holo_light.9.png.flat
  data\android\sourceGoogle\resMerged\drawable-hdpi-v4_abc_list_selector_disabled_holo_dark.9.png.flat
  data\android\sourceGoogle\resMerged\drawable-hdpi-v4_abc_list_selector_disabled_holo_light.9.png.flat
  data\android\sourceGoogle\resMerged\drawable-hdpi-v4_abc_menu_hardkey_panel_mtrl_mult.9.png.flat
  data\android\sourceGoogle\resMerged\drawable-hdpi-v4_abc_popup_background_mtrl_mult.9.png.flat
  data\android\sourceGoogle\resMerged\drawable-hdpi-v4_abc_scrubber_control_off_mtrl_alpha.png.flat
  data\android\sourceGoogle\resMerged\drawable-hdpi-v4_abc_scrubber_control_to_pressed_mtrl_000.png.flat
  data\android\sourceGoogle\resMerged\drawable-hdpi-v4_abc_scrubber_control_to_pressed_mtrl_005.png.flat
  data\android\sourceGoogle\resMerged\drawable-hdpi-v4_abc_scrubber_primary_mtrl_alpha.9.png.flat
  data\android\sourceGoogle\resMerged\drawable-hdpi-v4_abc_scrubber_track_mtrl_alpha.9.png.flat
  data\android\sourceGoogle\resMerged\drawable-hdpi-v4_abc_spinner_mtrl_am_alpha.9.png.flat
  data\android\sourceGoogle\resMerged\drawable-hdpi-v4_abc_switch_track_mtrl_alpha.9.png.flat
  data\android\sourceGoogle\resMerged\drawable-hdpi-v4_abc_tab_indicator_mtrl_alpha.9.png.flat
  data\android\sourceGoogle\resMerged\drawable-hdpi-v4_abc_textfield_activated_mtrl_alpha.9.png.flat
  data\android\sourceGoogle\resMerged\drawable-hdpi-v4_abc_textfield_default_mtrl_alpha.9.png.flat
  data\android\sourceGoogle\resMerged\drawable-hdpi-v4_abc_textfield_search_activated_mtrl_alpha.9.png.flat
  data\android\sourceGoogle\resMerged\drawable-hdpi-v4_abc_textfield_search_default_mtrl_alpha.9.png.flat
  data\android\sourceGoogle\resMerged\drawable-hdpi-v4_abc_text_select_handle_left_mtrl.png.flat
  data\android\sourceGoogle\resMerged\drawable-hdpi-v4_abc_text_select_handle_middle_mtrl.png.flat
  data\android\sourceGoogle\resMerged\drawable-hdpi-v4_abc_text_select_handle_right_mtrl.png.flat
  data\android\sourceGoogle\resMerged\drawable-hdpi-v4_common_full_open_on_phone.png.flat
  data\android\sourceGoogle\resMerged\drawable-hdpi-v4_common_google_signin_btn_icon_dark_normal_background.9.png.flat
  data\android\sourceGoogle\resMerged\drawable-hdpi-v4_common_google_signin_btn_icon_light_normal_background.9.png.flat
  data\android\sourceGoogle\resMerged\drawable-hdpi-v4_common_google_signin_btn_text_dark_normal_background.9.png.flat
  data\android\sourceGoogle\resMerged\drawable-hdpi-v4_common_google_signin_btn_text_light_normal_background.9.png.flat
  data\android\sourceGoogle\resMerged\drawable-hdpi-v4_googleg_disabled_color_18.png.flat
  data\android\sourceGoogle\resMerged\drawable-hdpi-v4_googleg_standard_color_18.png.flat
  data\android\sourceGoogle\resMerged\drawable-hdpi-v4_notification_bg_low_normal.9.png.flat
  data\android\sourceGoogle\resMerged\drawable-hdpi-v4_notification_bg_low_pressed.9.png.flat
  data\android\sourceGoogle\resMerged\drawable-hdpi-v4_notification_bg_normal.9.png.flat
  data\android\sourceGoogle\resMerged\drawable-hdpi-v4_notification_bg_normal_pressed.9.png.flat
  data\android\sourceGoogle\resMerged\drawable-hdpi-v4_notify_panel_notification_icon_bg.png.flat
  data\android\sourceGoogle\resMerged\drawable-hdpi_icon.png.flat
  data\android\sourceGoogle\resMerged\drawable-hdpi_icon_white.png.flat
  data\android\sourceGoogle\resMerged\drawable-ldpi_icon.png.flat
  data\android\sourceGoogle\resMerged\drawable-ldpi_icon_white.png.flat
  data\android\sourceGoogle\resMerged\drawable-ldrtl-hdpi-v17_abc_spinner_mtrl_am_alpha.9.png.flat
  data\android\sourceGoogle\resMerged\drawable-ldrtl-mdpi-v17_abc_spinner_mtrl_am_alpha.9.png.flat
  data\android\sourceGoogle\resMerged\drawable-ldrtl-xhdpi-v17_abc_spinner_mtrl_am_alpha.9.png.flat
  data\android\sourceGoogle\resMerged\drawable-ldrtl-xxhdpi-v17_abc_spinner_mtrl_am_alpha.9.png.flat
  data\android\sourceGoogle\resMerged\drawable-ldrtl-xxxhdpi-v17_abc_spinner_mtrl_am_alpha.9.png.flat
  data\android\sourceGoogle\resMerged\drawable-mdpi-v4_abc_ab_share_pack_mtrl_alpha.9.png.flat
  data\android\sourceGoogle\resMerged\drawable-mdpi-v4_abc_btn_check_to_on_mtrl_000.png.flat
  data\android\sourceGoogle\resMerged\drawable-mdpi-v4_abc_btn_check_to_on_mtrl_015.png.flat
  data\android\sourceGoogle\resMerged\drawable-mdpi-v4_abc_btn_radio_to_on_mtrl_000.png.flat
  data\android\sourceGoogle\resMerged\drawable-mdpi-v4_abc_btn_radio_to_on_mtrl_015.png.flat
  data\android\sourceGoogle\resMerged\drawable-mdpi-v4_abc_btn_switch_to_on_mtrl_00001.9.png.flat
  data\android\sourceGoogle\resMerged\drawable-mdpi-v4_abc_btn_switch_to_on_mtrl_00012.9.png.flat
  data\android\sourceGoogle\resMerged\drawable-mdpi-v4_abc_cab_background_top_mtrl_alpha.9.png.flat
  data\android\sourceGoogle\resMerged\drawable-mdpi-v4_abc_ic_commit_search_api_mtrl_alpha.png.flat
  data\android\sourceGoogle\resMerged\drawable-mdpi-v4_abc_list_divider_mtrl_alpha.9.png.flat
  data\android\sourceGoogle\resMerged\drawable-mdpi-v4_abc_list_focused_holo.9.png.flat
  data\android\sourceGoogle\resMerged\drawable-mdpi-v4_abc_list_longpressed_holo.9.png.flat
  data\android\sourceGoogle\resMerged\drawable-mdpi-v4_abc_list_pressed_holo_dark.9.png.flat
C:\Program Files (x86)\MSBuild\Microsoft.Cpp\v4.0\V140\Microsoft.MakeFile.Targets(41,5): warning MSB5021: "cmd" and its child processes are being terminated in order to cancel the build.
