This file contains any messages produced by compilers while
running configure, to aid debugging if configure makes a mistake.

It was created by Geany configure 1.24.1, which was
generated by GNU Autoconf 2.69.  Invocation command line was

  $ ./configure --prefix=/home/michael/Programs/AGKIDE

## --------- ##
## Platform. ##
## --------- ##

hostname = michael-VirtualBox
uname -m = x86_64
uname -r = 5.8.0-55-generic
uname -s = Linux
uname -v = #62~20.04.1-Ubuntu SMP Wed Jun 2 08:55:04 UTC 2021

/usr/bin/uname -p = x86_64
/bin/uname -X     = unknown

/bin/arch              = x86_64
/usr/bin/arch -k       = unknown
/usr/convex/getsysinfo = unknown
/usr/bin/hostinfo      = unknown
/bin/machine           = unknown
/usr/bin/oslevel       = unknown
/bin/universe          = unknown

PATH: /usr/local/sbin
PATH: /usr/local/bin
PATH: /usr/sbin
PATH: /usr/bin
PATH: /sbin
PATH: /bin
PATH: /usr/games
PATH: /usr/local/games
PATH: /snap/bin


## ----------- ##
## Core tests. ##
## ----------- ##

configure:2570: checking for a BSD-compatible install
configure:2638: result: /usr/bin/install -c
configure:2649: checking whether build environment is sane
configure:2704: result: yes
configure:2853: checking for a thread-safe mkdir -p
configure:2892: result: /usr/bin/mkdir -p
configure:2899: checking for gawk
configure:2929: result: no
configure:2899: checking for mawk
configure:2915: found /usr/bin/mawk
configure:2926: result: mawk
configure:2937: checking whether make sets $(MAKE)
configure:2959: result: yes
configure:2988: checking whether make supports nested variables
configure:3005: result: yes
configure:3134: checking whether to enable maintainer-specific portions of Makefiles
configure:3143: result: no
configure:3168: checking whether make supports nested variables
configure:3185: result: yes
configure:3233: checking whether make supports the include directive
configure:3248: make -f confmf.GNU && cat confinc.out
this is the am__doit target
configure:3251: $? = 0
configure:3270: result: yes (GNU style)
configure:3340: checking for gcc
configure:3356: found /usr/bin/gcc
configure:3367: result: gcc
configure:3596: checking for C compiler version
configure:3605: gcc --version >&5
gcc (Ubuntu 9.3.0-17ubuntu1~20.04) 9.3.0
Copyright (C) 2019 Free Software Foundation, Inc.
This is free software; see the source for copying conditions.  There is NO
warranty; not even for MERCHANTABILITY or FITNESS FOR A PARTICULAR PURPOSE.

configure:3616: $? = 0
configure:3605: gcc -v >&5
Using built-in specs.
COLLECT_GCC=gcc
COLLECT_LTO_WRAPPER=/usr/lib/gcc/x86_64-linux-gnu/9/lto-wrapper
OFFLOAD_TARGET_NAMES=nvptx-none:hsa
OFFLOAD_TARGET_DEFAULT=1
Target: x86_64-linux-gnu
Configured with: ../src/configure -v --with-pkgversion='Ubuntu 9.3.0-17ubuntu1~20.04' --with-bugurl=file:///usr/share/doc/gcc-9/README.Bugs --enable-languages=c,ada,c++,go,brig,d,fortran,objc,obj-c++,gm2 --prefix=/usr --with-gcc-major-version-only --program-suffix=-9 --program-prefix=x86_64-linux-gnu- --enable-shared --enable-linker-build-id --libexecdir=/usr/lib --without-included-gettext --enable-threads=posix --libdir=/usr/lib --enable-nls --enable-clocale=gnu --enable-libstdcxx-debug --enable-libstdcxx-time=yes --with-default-libstdcxx-abi=new --enable-gnu-unique-object --disable-vtable-verify --enable-plugin --enable-default-pie --with-system-zlib --with-target-system-zlib=auto --enable-objc-gc=auto --enable-multiarch --disable-werror --with-arch-32=i686 --with-abi=m64 --with-multilib-list=m32,m64,mx32 --enable-multilib --with-tune=generic --enable-offload-targets=nvptx-none=/build/gcc-9-HskZEa/gcc-9-9.3.0/debian/tmp-nvptx/usr,hsa --without-cuda-driver --enable-checking=release --build=x86_64-linux-gnu --host=x86_64-linux-gnu --target=x86_64-linux-gnu
Thread model: posix
gcc version 9.3.0 (Ubuntu 9.3.0-17ubuntu1~20.04) 
configure:3616: $? = 0
configure:3605: gcc -V >&5
gcc: error: unrecognized command line option '-V'
gcc: fatal error: no input files
compilation terminated.
configure:3616: $? = 1
configure:3605: gcc -qversion >&5
gcc: error: unrecognized command line option '-qversion'; did you mean '--version'?
gcc: fatal error: no input files
compilation terminated.
configure:3616: $? = 1
configure:3636: checking whether the C compiler works
configure:3658: gcc    conftest.c  >&5
configure:3662: $? = 0
configure:3710: result: yes
configure:3713: checking for C compiler default output file name
configure:3715: result: a.out
configure:3721: checking for suffix of executables
configure:3728: gcc -o conftest    conftest.c  >&5
configure:3732: $? = 0
configure:3754: result: 
configure:3776: checking whether we are cross compiling
configure:3784: gcc -o conftest    conftest.c  >&5
configure:3788: $? = 0
configure:3795: ./conftest
configure:3799: $? = 0
configure:3787: result: no
configure:3792: checking for suffix of object files
configure:3814: gcc -c   conftest.c >&5
configure:3818: $? = 0
configure:3839: result: o
configure:3843: checking whether we are using the GNU C compiler
configure:3862: gcc -c   conftest.c >&5
configure:3862: $? = 0
configure:3871: result: yes
configure:3880: checking whether gcc accepts -g
configure:3900: gcc -c -g  conftest.c >&5
configure:3900: $? = 0
configure:3941: result: yes
configure:3958: checking for gcc option to accept ISO C89
configure:4021: gcc  -c -g -O2  conftest.c >&5
configure:4021: $? = 0
configure:4034: result: none needed
configure:4059: checking whether gcc understands -c and -o together
configure:4081: gcc -c conftest.c -o conftest2.o
configure:4084: $? = 0
configure:4081: gcc -c conftest.c -o conftest2.o
configure:4084: $? = 0
configure:4096: result: yes
configure:4115: checking dependency style of gcc
configure:4226: result: gcc3
configure:4247: checking how to run the C preprocessor
configure:4278: gcc -E  conftest.c
configure:4278: $? = 0
configure:4292: gcc -E  conftest.c
conftest.c:11:10: fatal error: ac_nonexistent.h: No such file or directory
   11 | #include <ac_nonexistent.h>
      |          ^~~~~~~~~~~~~~~~~~
compilation terminated.
configure:4292: $? = 1
configure: failed program was:
| /* confdefs.h */
| #define PACKAGE_NAME "Geany"
| #define PACKAGE_TARNAME "geany"
| #define PACKAGE_VERSION "1.24.1"
| #define PACKAGE_STRING "Geany 1.24.1"
| #define PACKAGE_BUGREPORT "https://sourceforge.net/tracker/?group_id=153444&atid=787791"
| #define PACKAGE_URL ""
| #define PACKAGE "geany"
| #define VERSION "1.24.1"
| /* end confdefs.h.  */
| #include <ac_nonexistent.h>
configure:4317: result: gcc -E
configure:4337: gcc -E  conftest.c
configure:4337: $? = 0
configure:4351: gcc -E  conftest.c
conftest.c:11:10: fatal error: ac_nonexistent.h: No such file or directory
   11 | #include <ac_nonexistent.h>
      |          ^~~~~~~~~~~~~~~~~~
compilation terminated.
configure:4351: $? = 1
configure: failed program was:
| /* confdefs.h */
| #define PACKAGE_NAME "Geany"
| #define PACKAGE_TARNAME "geany"
| #define PACKAGE_VERSION "1.24.1"
| #define PACKAGE_STRING "Geany 1.24.1"
| #define PACKAGE_BUGREPORT "https://sourceforge.net/tracker/?group_id=153444&atid=787791"
| #define PACKAGE_URL ""
| #define PACKAGE "geany"
| #define VERSION "1.24.1"
| /* end confdefs.h.  */
| #include <ac_nonexistent.h>
configure:4380: checking for grep that handles long lines and -e
configure:4438: result: /usr/bin/grep
configure:4443: checking for egrep
configure:4505: result: /usr/bin/grep -E
configure:4510: checking for ANSI C header files
configure:4530: gcc -c -g -O2  conftest.c >&5
configure:4530: $? = 0
configure:4603: gcc -o conftest -g -O2   conftest.c  >&5
configure:4603: $? = 0
configure:4603: ./conftest
configure:4603: $? = 0
configure:4614: result: yes
configure:4627: checking for sys/types.h
configure:4627: gcc -c -g -O2  conftest.c >&5
configure:4627: $? = 0
configure:4627: result: yes
configure:4627: checking for sys/stat.h
configure:4627: gcc -c -g -O2  conftest.c >&5
configure:4627: $? = 0
configure:4627: result: yes
configure:4627: checking for stdlib.h
configure:4627: gcc -c -g -O2  conftest.c >&5
configure:4627: $? = 0
configure:4627: result: yes
configure:4627: checking for string.h
configure:4627: gcc -c -g -O2  conftest.c >&5
configure:4627: $? = 0
configure:4627: result: yes
configure:4627: checking for memory.h
configure:4627: gcc -c -g -O2  conftest.c >&5
configure:4627: $? = 0
configure:4627: result: yes
configure:4627: checking for strings.h
configure:4627: gcc -c -g -O2  conftest.c >&5
configure:4627: $? = 0
configure:4627: result: yes
configure:4627: checking for inttypes.h
configure:4627: gcc -c -g -O2  conftest.c >&5
configure:4627: $? = 0
configure:4627: result: yes
configure:4627: checking for stdint.h
configure:4627: gcc -c -g -O2  conftest.c >&5
configure:4627: $? = 0
configure:4627: result: yes
configure:4627: checking for unistd.h
configure:4627: gcc -c -g -O2  conftest.c >&5
configure:4627: $? = 0
configure:4627: result: yes
configure:4640: checking minix/config.h usability
configure:4640: gcc -c -g -O2  conftest.c >&5
conftest.c:54:10: fatal error: minix/config.h: No such file or directory
   54 | #include <minix/config.h>
      |          ^~~~~~~~~~~~~~~~
compilation terminated.
configure:4640: $? = 1
configure: failed program was:
| /* confdefs.h */
| #define PACKAGE_NAME "Geany"
| #define PACKAGE_TARNAME "geany"
| #define PACKAGE_VERSION "1.24.1"
| #define PACKAGE_STRING "Geany 1.24.1"
| #define PACKAGE_BUGREPORT "https://sourceforge.net/tracker/?group_id=153444&atid=787791"
| #define PACKAGE_URL ""
| #define PACKAGE "geany"
| #define VERSION "1.24.1"
| #define STDC_HEADERS 1
| #define HAVE_SYS_TYPES_H 1
| #define HAVE_SYS_STAT_H 1
| #define HAVE_STDLIB_H 1
| #define HAVE_STRING_H 1
| #define HAVE_MEMORY_H 1
| #define HAVE_STRINGS_H 1
| #define HAVE_INTTYPES_H 1
| #define HAVE_STDINT_H 1
| #define HAVE_UNISTD_H 1
| /* end confdefs.h.  */
| #include <stdio.h>
| #ifdef HAVE_SYS_TYPES_H
| # include <sys/types.h>
| #endif
| #ifdef HAVE_SYS_STAT_H
| # include <sys/stat.h>
| #endif
| #ifdef STDC_HEADERS
| # include <stdlib.h>
| # include <stddef.h>
| #else
| # ifdef HAVE_STDLIB_H
| #  include <stdlib.h>
| # endif
| #endif
| #ifdef HAVE_STRING_H
| # if !defined STDC_HEADERS && defined HAVE_MEMORY_H
| #  include <memory.h>
| # endif
| # include <string.h>
| #endif
| #ifdef HAVE_STRINGS_H
| # include <strings.h>
| #endif
| #ifdef HAVE_INTTYPES_H
| # include <inttypes.h>
| #endif
| #ifdef HAVE_STDINT_H
| # include <stdint.h>
| #endif
| #ifdef HAVE_UNISTD_H
| # include <unistd.h>
| #endif
| #include <minix/config.h>
configure:4640: result: no
configure:4640: checking minix/config.h presence
configure:4640: gcc -E  conftest.c
conftest.c:21:10: fatal error: minix/config.h: No such file or directory
   21 | #include <minix/config.h>
      |          ^~~~~~~~~~~~~~~~
compilation terminated.
configure:4640: $? = 1
configure: failed program was:
| /* confdefs.h */
| #define PACKAGE_NAME "Geany"
| #define PACKAGE_TARNAME "geany"
| #define PACKAGE_VERSION "1.24.1"
| #define PACKAGE_STRING "Geany 1.24.1"
| #define PACKAGE_BUGREPORT "https://sourceforge.net/tracker/?group_id=153444&atid=787791"
| #define PACKAGE_URL ""
| #define PACKAGE "geany"
| #define VERSION "1.24.1"
| #define STDC_HEADERS 1
| #define HAVE_SYS_TYPES_H 1
| #define HAVE_SYS_STAT_H 1
| #define HAVE_STDLIB_H 1
| #define HAVE_STRING_H 1
| #define HAVE_MEMORY_H 1
| #define HAVE_STRINGS_H 1
| #define HAVE_INTTYPES_H 1
| #define HAVE_STDINT_H 1
| #define HAVE_UNISTD_H 1
| /* end confdefs.h.  */
| #include <minix/config.h>
configure:4640: result: no
configure:4640: checking for minix/config.h
configure:4640: result: no
configure:4661: checking whether it is safe to define __EXTENSIONS__
configure:4679: gcc -c -g -O2  conftest.c >&5
configure:4679: $? = 0
configure:4686: result: yes
configure:4750: checking for ar
configure:4766: found /usr/bin/ar
configure:4777: result: ar
configure:4803: checking the archiver (ar) interface
configure:4819: gcc -c -g -O2  conftest.c >&5
configure:4819: $? = 0
configure:4821: ar cru libconftest.a conftest.o >&5
ar: `u' modifier ignored since `D' is the default (see `U')
configure:4824: $? = 0
configure:4823: result: ar
configure:4891: checking for gcc
configure:4918: result: gcc
configure:5147: checking for C compiler version
configure:5156: gcc --version >&5
gcc (Ubuntu 9.3.0-17ubuntu1~20.04) 9.3.0
Copyright (C) 2019 Free Software Foundation, Inc.
This is free software; see the source for copying conditions.  There is NO
warranty; not even for MERCHANTABILITY or FITNESS FOR A PARTICULAR PURPOSE.

configure:5167: $? = 0
configure:5156: gcc -v >&5
Using built-in specs.
COLLECT_GCC=gcc
COLLECT_LTO_WRAPPER=/usr/lib/gcc/x86_64-linux-gnu/9/lto-wrapper
OFFLOAD_TARGET_NAMES=nvptx-none:hsa
OFFLOAD_TARGET_DEFAULT=1
Target: x86_64-linux-gnu
Configured with: ../src/configure -v --with-pkgversion='Ubuntu 9.3.0-17ubuntu1~20.04' --with-bugurl=file:///usr/share/doc/gcc-9/README.Bugs --enable-languages=c,ada,c++,go,brig,d,fortran,objc,obj-c++,gm2 --prefix=/usr --with-gcc-major-version-only --program-suffix=-9 --program-prefix=x86_64-linux-gnu- --enable-shared --enable-linker-build-id --libexecdir=/usr/lib --without-included-gettext --enable-threads=posix --libdir=/usr/lib --enable-nls --enable-clocale=gnu --enable-libstdcxx-debug --enable-libstdcxx-time=yes --with-default-libstdcxx-abi=new --enable-gnu-unique-object --disable-vtable-verify --enable-plugin --enable-default-pie --with-system-zlib --with-target-system-zlib=auto --enable-objc-gc=auto --enable-multiarch --disable-werror --with-arch-32=i686 --with-abi=m64 --with-multilib-list=m32,m64,mx32 --enable-multilib --with-tune=generic --enable-offload-targets=nvptx-none=/build/gcc-9-HskZEa/gcc-9-9.3.0/debian/tmp-nvptx/usr,hsa --without-cuda-driver --enable-checking=release --build=x86_64-linux-gnu --host=x86_64-linux-gnu --target=x86_64-linux-gnu
Thread model: posix
gcc version 9.3.0 (Ubuntu 9.3.0-17ubuntu1~20.04) 
configure:5167: $? = 0
configure:5156: gcc -V >&5
gcc: error: unrecognized command line option '-V'
gcc: fatal error: no input files
compilation terminated.
configure:5167: $? = 1
configure:5156: gcc -qversion >&5
gcc: error: unrecognized command line option '-qversion'; did you mean '--version'?
gcc: fatal error: no input files
compilation terminated.
configure:5167: $? = 1
configure:5171: checking whether we are using the GNU C compiler
configure:5199: result: yes
configure:5208: checking whether gcc accepts -g
configure:5269: result: yes
configure:5286: checking for gcc option to accept ISO C89
configure:5362: result: none needed
configure:5387: checking whether gcc understands -c and -o together
configure:5424: result: yes
configure:5443: checking dependency style of gcc
configure:5554: result: gcc3
configure:5569: checking for gcc option to accept ISO C99
configure:5718: gcc  -c -g -O2  conftest.c >&5
configure:5718: $? = 0
configure:5731: result: none needed
configure:5806: checking for g++
configure:5822: found /usr/bin/g++
configure:5833: result: g++
configure:5860: checking for C++ compiler version
configure:5869: g++ --version >&5
g++ (Ubuntu 9.3.0-17ubuntu1~20.04) 9.3.0
Copyright (C) 2019 Free Software Foundation, Inc.
This is free software; see the source for copying conditions.  There is NO
warranty; not even for MERCHANTABILITY or FITNESS FOR A PARTICULAR PURPOSE.

configure:5880: $? = 0
configure:5869: g++ -v >&5
Using built-in specs.
COLLECT_GCC=g++
COLLECT_LTO_WRAPPER=/usr/lib/gcc/x86_64-linux-gnu/9/lto-wrapper
OFFLOAD_TARGET_NAMES=nvptx-none:hsa
OFFLOAD_TARGET_DEFAULT=1
Target: x86_64-linux-gnu
Configured with: ../src/configure -v --with-pkgversion='Ubuntu 9.3.0-17ubuntu1~20.04' --with-bugurl=file:///usr/share/doc/gcc-9/README.Bugs --enable-languages=c,ada,c++,go,brig,d,fortran,objc,obj-c++,gm2 --prefix=/usr --with-gcc-major-version-only --program-suffix=-9 --program-prefix=x86_64-linux-gnu- --enable-shared --enable-linker-build-id --libexecdir=/usr/lib --without-included-gettext --enable-threads=posix --libdir=/usr/lib --enable-nls --enable-clocale=gnu --enable-libstdcxx-debug --enable-libstdcxx-time=yes --with-default-libstdcxx-abi=new --enable-gnu-unique-object --disable-vtable-verify --enable-plugin --enable-default-pie --with-system-zlib --with-target-system-zlib=auto --enable-objc-gc=auto --enable-multiarch --disable-werror --with-arch-32=i686 --with-abi=m64 --with-multilib-list=m32,m64,mx32 --enable-multilib --with-tune=generic --enable-offload-targets=nvptx-none=/build/gcc-9-HskZEa/gcc-9-9.3.0/debian/tmp-nvptx/usr,hsa --without-cuda-driver --enable-checking=release --build=x86_64-linux-gnu --host=x86_64-linux-gnu --target=x86_64-linux-gnu
Thread model: posix
gcc version 9.3.0 (Ubuntu 9.3.0-17ubuntu1~20.04) 
configure:5880: $? = 0
configure:5869: g++ -V >&5
g++: error: unrecognized command line option '-V'
g++: fatal error: no input files
compilation terminated.
configure:5880: $? = 1
configure:5869: g++ -qversion >&5
g++: error: unrecognized command line option '-qversion'; did you mean '--version'?
g++: fatal error: no input files
compilation terminated.
configure:5880: $? = 1
configure:5884: checking whether we are using the GNU C++ compiler
configure:5903: g++ -c   conftest.cpp >&5
configure:5903: $? = 0
configure:5912: result: yes
configure:5921: checking whether g++ accepts -g
configure:5941: g++ -c -g  conftest.cpp >&5
configure:5941: $? = 0
configure:5982: result: yes
configure:6007: checking dependency style of g++
configure:6118: result: gcc3
configure:6140: checking whether ln -s works
configure:6144: result: yes
configure:6158: checking fcntl.h usability
configure:6158: gcc -c -g -O2  conftest.c >&5
configure:6158: $? = 0
configure:6158: result: yes
configure:6158: checking fcntl.h presence
configure:6158: gcc -E  conftest.c
configure:6158: $? = 0
configure:6158: result: yes
configure:6158: checking for fcntl.h
configure:6158: result: yes
configure:6158: checking fnmatch.h usability
configure:6158: gcc -c -g -O2  conftest.c >&5
configure:6158: $? = 0
configure:6158: result: yes
configure:6158: checking fnmatch.h presence
configure:6158: gcc -E  conftest.c
configure:6158: $? = 0
configure:6158: result: yes
configure:6158: checking for fnmatch.h
configure:6158: result: yes
configure:6158: checking glob.h usability
configure:6158: gcc -c -g -O2  conftest.c >&5
configure:6158: $? = 0
configure:6158: result: yes
configure:6158: checking glob.h presence
configure:6158: gcc -E  conftest.c
configure:6158: $? = 0
configure:6158: result: yes
configure:6158: checking for glob.h
configure:6158: result: yes
configure:6158: checking for stdlib.h
configure:6158: result: yes
configure:6158: checking sys/time.h usability
configure:6158: gcc -c -g -O2  conftest.c >&5
configure:6158: $? = 0
configure:6158: result: yes
configure:6158: checking sys/time.h presence
configure:6158: gcc -E  conftest.c
configure:6158: $? = 0
configure:6158: result: yes
configure:6158: checking for sys/time.h
configure:6158: result: yes
configure:6170: checking for off_t
configure:6170: gcc -c -g -O2  conftest.c >&5
configure:6170: $? = 0
configure:6170: gcc -c -g -O2  conftest.c >&5
conftest.c: In function 'main':
conftest.c:67:20: error: expected expression before ')' token
   67 | if (sizeof ((off_t)))
      |                    ^
configure:6170: $? = 1
configure: failed program was:
| /* confdefs.h */
| #define PACKAGE_NAME "Geany"
| #define PACKAGE_TARNAME "geany"
| #define PACKAGE_VERSION "1.24.1"
| #define PACKAGE_STRING "Geany 1.24.1"
| #define PACKAGE_BUGREPORT "https://sourceforge.net/tracker/?group_id=153444&atid=787791"
| #define PACKAGE_URL ""
| #define PACKAGE "geany"
| #define VERSION "1.24.1"
| #define STDC_HEADERS 1
| #define HAVE_SYS_TYPES_H 1
| #define HAVE_SYS_STAT_H 1
| #define HAVE_STDLIB_H 1
| #define HAVE_STRING_H 1
| #define HAVE_MEMORY_H 1
| #define HAVE_STRINGS_H 1
| #define HAVE_INTTYPES_H 1
| #define HAVE_STDINT_H 1
| #define HAVE_UNISTD_H 1
| #define __EXTENSIONS__ 1
| #define _ALL_SOURCE 1
| #define _GNU_SOURCE 1
| #define _POSIX_PTHREAD_SEMANTICS 1
| #define _TANDEM_SOURCE 1
| #define HAVE_FCNTL_H 1
| #define HAVE_FNMATCH_H 1
| #define HAVE_GLOB_H 1
| #define HAVE_STDLIB_H 1
| #define HAVE_SYS_TIME_H 1
| /* end confdefs.h.  */
| #include <stdio.h>
| #ifdef HAVE_SYS_TYPES_H
| # include <sys/types.h>
| #endif
| #ifdef HAVE_SYS_STAT_H
| # include <sys/stat.h>
| #endif
| #ifdef STDC_HEADERS
| # include <stdlib.h>
| # include <stddef.h>
| #else
| # ifdef HAVE_STDLIB_H
| #  include <stdlib.h>
| # endif
| #endif
| #ifdef HAVE_STRING_H
| # if !defined STDC_HEADERS && defined HAVE_MEMORY_H
| #  include <memory.h>
| # endif
| # include <string.h>
| #endif
| #ifdef HAVE_STRINGS_H
| # include <strings.h>
| #endif
| #ifdef HAVE_INTTYPES_H
| # include <inttypes.h>
| #endif
| #ifdef HAVE_STDINT_H
| # include <stdint.h>
| #endif
| #ifdef HAVE_UNISTD_H
| # include <unistd.h>
| #endif
| int
| main ()
| {
| if (sizeof ((off_t)))
| 	    return 0;
|   ;
|   return 0;
| }
configure:6170: result: yes
configure:6181: checking for size_t
configure:6181: gcc -c -g -O2  conftest.c >&5
configure:6181: $? = 0
configure:6181: gcc -c -g -O2  conftest.c >&5
conftest.c: In function 'main':
conftest.c:67:21: error: expected expression before ')' token
   67 | if (sizeof ((size_t)))
      |                     ^
configure:6181: $? = 1
configure: failed program was:
| /* confdefs.h */
| #define PACKAGE_NAME "Geany"
| #define PACKAGE_TARNAME "geany"
| #define PACKAGE_VERSION "1.24.1"
| #define PACKAGE_STRING "Geany 1.24.1"
| #define PACKAGE_BUGREPORT "https://sourceforge.net/tracker/?group_id=153444&atid=787791"
| #define PACKAGE_URL ""
| #define PACKAGE "geany"
| #define VERSION "1.24.1"
| #define STDC_HEADERS 1
| #define HAVE_SYS_TYPES_H 1
| #define HAVE_SYS_STAT_H 1
| #define HAVE_STDLIB_H 1
| #define HAVE_STRING_H 1
| #define HAVE_MEMORY_H 1
| #define HAVE_STRINGS_H 1
| #define HAVE_INTTYPES_H 1
| #define HAVE_STDINT_H 1
| #define HAVE_UNISTD_H 1
| #define __EXTENSIONS__ 1
| #define _ALL_SOURCE 1
| #define _GNU_SOURCE 1
| #define _POSIX_PTHREAD_SEMANTICS 1
| #define _TANDEM_SOURCE 1
| #define HAVE_FCNTL_H 1
| #define HAVE_FNMATCH_H 1
| #define HAVE_GLOB_H 1
| #define HAVE_STDLIB_H 1
| #define HAVE_SYS_TIME_H 1
| /* end confdefs.h.  */
| #include <stdio.h>
| #ifdef HAVE_SYS_TYPES_H
| # include <sys/types.h>
| #endif
| #ifdef HAVE_SYS_STAT_H
| # include <sys/stat.h>
| #endif
| #ifdef STDC_HEADERS
| # include <stdlib.h>
| # include <stddef.h>
| #else
| # ifdef HAVE_STDLIB_H
| #  include <stdlib.h>
| # endif
| #endif
| #ifdef HAVE_STRING_H
| # if !defined STDC_HEADERS && defined HAVE_MEMORY_H
| #  include <memory.h>
| # endif
| # include <string.h>
| #endif
| #ifdef HAVE_STRINGS_H
| # include <strings.h>
| #endif
| #ifdef HAVE_INTTYPES_H
| # include <inttypes.h>
| #endif
| #ifdef HAVE_STDINT_H
| # include <stdint.h>
| #endif
| #ifdef HAVE_UNISTD_H
| # include <unistd.h>
| #endif
| int
| main ()
| {
| if (sizeof ((size_t)))
| 	    return 0;
|   ;
|   return 0;
| }
configure:6181: result: yes
configure:6192: checking whether struct tm is in sys/time.h or time.h
configure:6212: gcc -c -g -O2  conftest.c >&5
configure:6212: $? = 0
configure:6219: result: time.h
configure:6232: checking for ftruncate
configure:6232: gcc -o conftest -g -O2   conftest.c  >&5
configure:6232: $? = 0
configure:6232: result: yes
configure:6232: checking for fgetpos
configure:6232: gcc -o conftest -g -O2   conftest.c  >&5
configure:6232: $? = 0
configure:6232: result: yes
configure:6232: checking for mkstemp
configure:6232: gcc -o conftest -g -O2   conftest.c  >&5
configure:6232: $? = 0
configure:6232: result: yes
configure:6232: checking for strerror
configure:6232: gcc -o conftest -g -O2   conftest.c  >&5
configure:6232: $? = 0
configure:6232: result: yes
configure:6232: checking for strstr
configure:6232: gcc -o conftest -g -O2   conftest.c  >&5
conftest.c:58:6: warning: conflicting types for built-in function 'strstr'; expected 'char *(const char *, const char *)' [-Wbuiltin-declaration-mismatch]
   58 | char strstr ();
      |      ^~~~~~
conftest.c:46:1: note: 'strstr' is declared in header '<string.h>'
   45 | # include <limits.h>
   46 | #else
configure:6232: $? = 0
configure:6232: result: yes
configure:6249: checking for Git revision
configure:6269: result: none
configure:6365: checking for pkg-config
configure:6383: found /usr/bin/pkg-config
configure:6395: result: /usr/bin/pkg-config
configure:6420: checking pkg-config is at least version 0.9.0
configure:6423: result: yes
configure:6433: checking for GTK
configure:6440: $PKG_CONFIG --exists --print-errors "$gtk_modules $gtk_modules_private"
configure:6443: $? = 0
configure:6457: $PKG_CONFIG --exists --print-errors "$gtk_modules $gtk_modules_private"
configure:6460: $? = 0
configure:6518: result: yes
configure:6535: checking for GTHREAD
configure:6542: $PKG_CONFIG --exists --print-errors "$gthread_modules"
configure:6545: $? = 0
configure:6559: $PKG_CONFIG --exists --print-errors "$gthread_modules"
configure:6562: $? = 0
configure:6620: result: yes
configure:6645: checking whether binary relocation support should be enabled
configure:6695: result: no
configure:6778: checking build system type
configure:6792: result: x86_64-unknown-linux-gnu
configure:6812: checking host system type
configure:6825: result: x86_64-unknown-linux-gnu
configure:6866: checking how to print strings
configure:6893: result: printf
configure:6914: checking for a sed that does not truncate output
configure:6978: result: /usr/bin/sed
configure:6996: checking for fgrep
configure:7058: result: /usr/bin/grep -F
configure:7093: checking for ld used by gcc
configure:7160: result: /usr/bin/ld
configure:7167: checking if the linker (/usr/bin/ld) is GNU ld
configure:7182: result: yes
configure:7194: checking for BSD- or MS-compatible name lister (nm)
configure:7248: result: /usr/bin/nm -B
configure:7378: checking the name lister (/usr/bin/nm -B) interface
configure:7385: gcc -c -g -O2  conftest.c >&5
configure:7388: /usr/bin/nm -B "conftest.o"
configure:7391: output
0000000000000000 B some_variable
configure:7392: result: BSD nm
configure:7396: checking the maximum length of command line arguments
configure:7527: result: 1572864
configure:7575: checking how to convert x86_64-unknown-linux-gnu file names to x86_64-unknown-linux-gnu format
configure:7615: result: func_convert_file_noop
configure:7622: checking how to convert x86_64-unknown-linux-gnu file names to toolchain format
configure:7642: result: func_convert_file_noop
configure:7649: checking for /usr/bin/ld option to reload object files
configure:7656: result: -r
configure:7730: checking for objdump
configure:7746: found /usr/bin/objdump
configure:7757: result: objdump
configure:7789: checking how to recognize dependent libraries
configure:7989: result: pass_all
configure:8074: checking for dlltool
configure:8104: result: no
configure:8134: checking how to associate runtime and link libraries
configure:8161: result: printf %s\n
configure:8285: checking for archiver @FILE support
configure:8302: gcc -c -g -O2  conftest.c >&5
configure:8302: $? = 0
configure:8305: ar cr libconftest.a @conftest.lst >&5
configure:8308: $? = 0
configure:8313: ar cr libconftest.a @conftest.lst >&5
ar: conftest.o: No such file or directory
configure:8316: $? = 1
configure:8315: result: @
configure:8373: checking for strip
configure:8389: found /usr/bin/strip
configure:8400: result: strip
configure:8472: checking for ranlib
configure:8488: found /usr/bin/ranlib
configure:8499: result: ranlib
configure:8601: checking command to parse /usr/bin/nm -B output from gcc object
configure:8754: gcc -c -g -O2  conftest.c >&5
configure:8757: $? = 0
configure:8761: /usr/bin/nm -B conftest.o | sed -n -e 's/^.*[	 ]\([ABCDGIRSTW][ABCDGIRSTW]*\)[	 ][	 ]*\([_A-Za-z][_A-Za-z0-9]*\)$/\1 \2 \2/p' | sed '/ __gnu_lto/d' > conftest.nm
configure:8827: gcc -o conftest -g -O2   conftest.c conftstm.o >&5
configure:8830: $? = 0
configure:8868: result: ok
configure:8915: checking for sysroot
configure:8945: result: no
configure:8952: checking for a working dd
configure:8990: result: /usr/bin/dd
configure:8994: checking how to truncate binary pipes
configure:9009: result: /usr/bin/dd bs=4096 count=1
configure:9145: gcc -c -g -O2  conftest.c >&5
configure:9148: $? = 0
configure:9338: checking for mt
configure:9354: found /usr/bin/mt
configure:9365: result: mt
configure:9388: checking if mt is a manifest tool
configure:9394: mt '-?'
configure:9402: result: no
configure:10076: checking for dlfcn.h
configure:10076: gcc -c -g -O2  conftest.c >&5
configure:10076: $? = 0
configure:10076: result: yes
configure:10313: checking for objdir
configure:10328: result: .libs
configure:10592: checking if gcc supports -fno-rtti -fno-exceptions
configure:10610: gcc -c -g -O2  -fno-rtti -fno-exceptions conftest.c >&5
cc1: warning: command line option '-fno-rtti' is valid for C++/D/ObjC++ but not for C
configure:10614: $? = 0
configure:10627: result: no
configure:10991: checking for gcc option to produce PIC
configure:10998: result: -fPIC -DPIC
configure:11006: checking if gcc PIC flag -fPIC -DPIC works
configure:11024: gcc -c -g -O2  -fPIC -DPIC -DPIC conftest.c >&5
configure:11028: $? = 0
configure:11041: result: yes
configure:11070: checking if gcc static flag -static works
configure:11098: result: yes
configure:11113: checking if gcc supports -c -o file.o
configure:11134: gcc -c -g -O2  -o out/conftest2.o conftest.c >&5
configure:11138: $? = 0
configure:11160: result: yes
configure:11168: checking if gcc supports -c -o file.o
configure:11215: result: yes
configure:11248: checking whether the gcc linker (/usr/bin/ld -m elf_x86_64) supports shared libraries
configure:12511: result: yes
configure:12548: checking whether -lc should be explicitly linked in
configure:12556: gcc -c -g -O2  conftest.c >&5
configure:12559: $? = 0
configure:12574: gcc -shared  -fPIC -DPIC conftest.o  -v -Wl,-soname -Wl,conftest -o conftest 2\>\&1 \| /usr/bin/grep  -lc  \>/dev/null 2\>\&1
configure:12577: $? = 0
configure:12591: result: no
configure:12751: checking dynamic linker characteristics
configure:13332: gcc -o conftest -g -O2   -Wl,-rpath -Wl,/foo conftest.c  >&5
configure:13332: $? = 0
configure:13581: result: GNU/Linux ld.so
configure:13703: checking how to hardcode library paths into programs
configure:13728: result: immediate
configure:14276: checking whether stripping libraries is possible
configure:14281: result: yes
configure:14316: checking if libtool supports shared libraries
configure:14318: result: yes
configure:14321: checking whether to build shared libraries
configure:14346: result: yes
configure:14349: checking whether to build static libraries
configure:14353: result: no
configure:11152: checking how to run the C++ preprocessor
configure:11179: g++ -E  conftest.cpp
configure:11179: $? = 0
configure:11193: g++ -E  conftest.cpp
conftest.cpp:40:10: fatal error: ac_nonexistent.h: No such file or directory
   40 | #include <ac_nonexistent.h>
      |          ^~~~~~~~~~~~~~~~~~
compilation terminated.
configure:11193: $? = 1
configure: failed program was:
| /* confdefs.h */
| #define PACKAGE_NAME "Geany"
| #define PACKAGE_TARNAME "geany"
| #define PACKAGE_VERSION "1.24.1"
| #define PACKAGE_STRING "Geany 1.24.1"
| #define PACKAGE_BUGREPORT "https://sourceforge.net/tracker/?group_id=153444&atid=787791"
| #define PACKAGE_URL ""
| #define PACKAGE "geany"
| #define VERSION "1.24.1"
| #define STDC_HEADERS 1
| #define HAVE_SYS_TYPES_H 1
| #define HAVE_SYS_STAT_H 1
| #define HAVE_STDLIB_H 1
| #define HAVE_STRING_H 1
| #define HAVE_MEMORY_H 1
| #define HAVE_STRINGS_H 1
| #define HAVE_INTTYPES_H 1
| #define HAVE_STDINT_H 1
| #define HAVE_UNISTD_H 1
| #define __EXTENSIONS__ 1
| #define _ALL_SOURCE 1
| #define _GNU_SOURCE 1
| #define _POSIX_PTHREAD_SEMANTICS 1
| #define _TANDEM_SOURCE 1
| #define HAVE_FCNTL_H 1
| #define HAVE_FNMATCH_H 1
| #define HAVE_GLOB_H 1
| #define HAVE_STDLIB_H 1
| #define HAVE_SYS_TIME_H 1
| #define HAVE_FTRUNCATE 1
| #define HAVE_FGETPOS 1
| #define HAVE_MKSTEMP 1
| #define HAVE_STRERROR 1
| #define HAVE_STRSTR 1
| #define REVISION "-1"
| #define HAVE_REGCOMP 1
| #define HAVE_DLFCN_H 1
| #define LT_OBJDIR ".libs/"
| /* end confdefs.h.  */
| #include <ac_nonexistent.h>
configure:11218: result: g++ -E
configure:11238: g++ -E  conftest.cpp
configure:11238: $? = 0
configure:11252: g++ -E  conftest.cpp
conftest.cpp:40:10: fatal error: ac_nonexistent.h: No such file or directory
   40 | #include <ac_nonexistent.h>
      |          ^~~~~~~~~~~~~~~~~~
compilation terminated.
configure:11252: $? = 1
configure: failed program was:
| /* confdefs.h */
| #define PACKAGE_NAME "Geany"
| #define PACKAGE_TARNAME "geany"
| #define PACKAGE_VERSION "1.24.1"
| #define PACKAGE_STRING "Geany 1.24.1"
| #define PACKAGE_BUGREPORT "https://sourceforge.net/tracker/?group_id=153444&atid=787791"
| #define PACKAGE_URL ""
| #define PACKAGE "geany"
| #define VERSION "1.24.1"
| #define STDC_HEADERS 1
| #define HAVE_SYS_TYPES_H 1
| #define HAVE_SYS_STAT_H 1
| #define HAVE_STDLIB_H 1
| #define HAVE_STRING_H 1
| #define HAVE_MEMORY_H 1
| #define HAVE_STRINGS_H 1
| #define HAVE_INTTYPES_H 1
| #define HAVE_STDINT_H 1
| #define HAVE_UNISTD_H 1
| #define __EXTENSIONS__ 1
| #define _ALL_SOURCE 1
| #define _GNU_SOURCE 1
| #define _POSIX_PTHREAD_SEMANTICS 1
| #define _TANDEM_SOURCE 1
| #define HAVE_FCNTL_H 1
| #define HAVE_FNMATCH_H 1
| #define HAVE_GLOB_H 1
| #define HAVE_STDLIB_H 1
| #define HAVE_SYS_TIME_H 1
| #define HAVE_FTRUNCATE 1
| #define HAVE_FGETPOS 1
| #define HAVE_MKSTEMP 1
| #define HAVE_STRERROR 1
| #define HAVE_STRSTR 1
| #define REVISION "-1"
| #define HAVE_REGCOMP 1
| #define HAVE_DLFCN_H 1
| #define LT_OBJDIR ".libs/"
| /* end confdefs.h.  */
| #include <ac_nonexistent.h>
configure:11414: checking for ld used by g++
configure:11481: result: /usr/bin/ld -m elf_x86_64
configure:11488: checking if the linker (/usr/bin/ld -m elf_x86_64) is GNU ld
configure:11503: result: yes
configure:11558: checking whether the g++ linker (/usr/bin/ld -m elf_x86_64) supports shared libraries
configure:12631: result: yes
configure:12667: g++ -c -g -O2  conftest.cpp >&5
configure:12670: $? = 0
configure:13151: checking for g++ option to produce PIC
configure:13158: result: -fPIC -DPIC
configure:13166: checking if g++ PIC flag -fPIC -DPIC works
configure:13184: g++ -c -g -O2  -fPIC -DPIC -DPIC conftest.cpp >&5
configure:13188: $? = 0
configure:13201: result: yes
configure:13224: checking if g++ static flag -static works
configure:13252: result: yes
configure:13264: checking if g++ supports -c -o file.o
configure:13285: g++ -c -g -O2  -o out/conftest2.o conftest.cpp >&5
configure:13289: $? = 0
configure:13311: result: yes
configure:13316: checking if g++ supports -c -o file.o
configure:13363: result: yes
configure:13393: checking whether the g++ linker (/usr/bin/ld -m elf_x86_64) supports shared libraries
configure:13436: result: yes
configure:13577: checking dynamic linker characteristics
configure:14334: result: GNU/Linux ld.so
configure:14399: checking how to hardcode library paths into programs
configure:14424: result: immediate
configure:13586: checking for library containing connect
configure:13617: gcc -o conftest -g -O2   conftest.c  >&5
configure:13617: $? = 0
configure:13634: result: none required
configure:13683: checking whether the force is with you
configure:13689: result: no
configure:13695: checking whether NLS is requested
configure:13704: result: yes
configure:13732: checking for intltool-update
configure:13750: found /usr/bin/intltool-update
configure:13762: result: /usr/bin/intltool-update
configure:13772: checking for intltool-merge
configure:13790: found /usr/bin/intltool-merge
configure:13802: result: /usr/bin/intltool-merge
configure:13812: checking for intltool-extract
configure:13830: found /usr/bin/intltool-extract
configure:13842: result: /usr/bin/intltool-extract
configure:13996: checking for xgettext
configure:14014: found /usr/bin/xgettext
configure:14026: result: /usr/bin/xgettext
configure:14036: checking for msgmerge
configure:14054: found /usr/bin/msgmerge
configure:14066: result: /usr/bin/msgmerge
configure:14076: checking for msgfmt
configure:14094: found /usr/bin/msgfmt
configure:14106: result: /usr/bin/msgfmt
configure:14116: checking for gmsgfmt
configure:14147: result: /usr/bin/msgfmt
configure:14167: checking for perl
configure:14185: found /usr/bin/perl
configure:14197: result: /usr/bin/perl
configure:14208: checking for perl >= 5.8.1
configure:14215: result: 5.30.0
configure:14219: checking for XML::Parser
configure:14222: result: ok
configure:14256: checking locale.h usability
configure:14256: gcc -c -g -O2  conftest.c >&5
configure:14256: $? = 0
configure:14256: result: yes
configure:14256: checking locale.h presence
configure:14256: gcc -E  conftest.c
configure:14256: $? = 0
configure:14256: result: yes
configure:14256: checking for locale.h
configure:14256: result: yes
configure:14267: checking for LC_MESSAGES
configure:14283: gcc -o conftest -g -O2   conftest.c  >&5
configure:14283: $? = 0
configure:14291: result: yes
configure:14309: checking for CFPreferencesCopyAppValue
configure:14327: gcc -o conftest -g -O2   conftest.c  -Wl,-framework -Wl,CoreFoundation >&5
conftest.c:46:10: fatal error: CoreFoundation/CFPreferences.h: No such file or directory
   46 | #include <CoreFoundation/CFPreferences.h>
      |          ^~~~~~~~~~~~~~~~~~~~~~~~~~~~~~~~
compilation terminated.
configure:14327: $? = 1
configure: failed program was:
| /* confdefs.h */
| #define PACKAGE_NAME "Geany"
| #define PACKAGE_TARNAME "geany"
| #define PACKAGE_VERSION "1.24.1"
| #define PACKAGE_STRING "Geany 1.24.1"
| #define PACKAGE_BUGREPORT "https://sourceforge.net/tracker/?group_id=153444&atid=787791"
| #define PACKAGE_URL ""
| #define PACKAGE "geany"
| #define VERSION "1.24.1"
| #define STDC_HEADERS 1
| #define HAVE_SYS_TYPES_H 1
| #define HAVE_SYS_STAT_H 1
| #define HAVE_STDLIB_H 1
| #define HAVE_STRING_H 1
| #define HAVE_MEMORY_H 1
| #define HAVE_STRINGS_H 1
| #define HAVE_INTTYPES_H 1
| #define HAVE_STDINT_H 1
| #define HAVE_UNISTD_H 1
| #define __EXTENSIONS__ 1
| #define _ALL_SOURCE 1
| #define _GNU_SOURCE 1
| #define _POSIX_PTHREAD_SEMANTICS 1
| #define _TANDEM_SOURCE 1
| #define HAVE_FCNTL_H 1
| #define HAVE_FNMATCH_H 1
| #define HAVE_GLOB_H 1
| #define HAVE_STDLIB_H 1
| #define HAVE_SYS_TIME_H 1
| #define HAVE_FTRUNCATE 1
| #define HAVE_FGETPOS 1
| #define HAVE_MKSTEMP 1
| #define HAVE_STRERROR 1
| #define HAVE_STRSTR 1
| #define REVISION "-1"
| #define HAVE_REGCOMP 1
| #define HAVE_DLFCN_H 1
| #define LT_OBJDIR ".libs/"
| #define HAVE_PLUGINS 1
| #define HAVE_SOCKET 1
| #define HAVE_VTE 1
| #define GETTEXT_PACKAGE "geany"
| #define HAVE_LOCALE_H 1
| #define HAVE_LC_MESSAGES 1
| /* end confdefs.h.  */
| #include <CoreFoundation/CFPreferences.h>
| int
| main ()
| {
| CFPreferencesCopyAppValue(NULL, NULL)
|   ;
|   return 0;
| }
configure:14336: result: no
configure:14343: checking for CFLocaleCopyCurrent
configure:14361: gcc -o conftest -g -O2   conftest.c  -Wl,-framework -Wl,CoreFoundation >&5
conftest.c:46:10: fatal error: CoreFoundation/CFLocale.h: No such file or directory
   46 | #include <CoreFoundation/CFLocale.h>
      |          ^~~~~~~~~~~~~~~~~~~~~~~~~~~
compilation terminated.
configure:14361: $? = 1
configure: failed program was:
| /* confdefs.h */
| #define PACKAGE_NAME "Geany"
| #define PACKAGE_TARNAME "geany"
| #define PACKAGE_VERSION "1.24.1"
| #define PACKAGE_STRING "Geany 1.24.1"
| #define PACKAGE_BUGREPORT "https://sourceforge.net/tracker/?group_id=153444&atid=787791"
| #define PACKAGE_URL ""
| #define PACKAGE "geany"
| #define VERSION "1.24.1"
| #define STDC_HEADERS 1
| #define HAVE_SYS_TYPES_H 1
| #define HAVE_SYS_STAT_H 1
| #define HAVE_STDLIB_H 1
| #define HAVE_STRING_H 1
| #define HAVE_MEMORY_H 1
| #define HAVE_STRINGS_H 1
| #define HAVE_INTTYPES_H 1
| #define HAVE_STDINT_H 1
| #define HAVE_UNISTD_H 1
| #define __EXTENSIONS__ 1
| #define _ALL_SOURCE 1
| #define _GNU_SOURCE 1
| #define _POSIX_PTHREAD_SEMANTICS 1
| #define _TANDEM_SOURCE 1
| #define HAVE_FCNTL_H 1
| #define HAVE_FNMATCH_H 1
| #define HAVE_GLOB_H 1
| #define HAVE_STDLIB_H 1
| #define HAVE_SYS_TIME_H 1
| #define HAVE_FTRUNCATE 1
| #define HAVE_FGETPOS 1
| #define HAVE_MKSTEMP 1
| #define HAVE_STRERROR 1
| #define HAVE_STRSTR 1
| #define REVISION "-1"
| #define HAVE_REGCOMP 1
| #define HAVE_DLFCN_H 1
| #define LT_OBJDIR ".libs/"
| #define HAVE_PLUGINS 1
| #define HAVE_SOCKET 1
| #define HAVE_VTE 1
| #define GETTEXT_PACKAGE "geany"
| #define HAVE_LOCALE_H 1
| #define HAVE_LC_MESSAGES 1
| /* end confdefs.h.  */
| #include <CoreFoundation/CFLocale.h>
| int
| main ()
| {
| CFLocaleCopyCurrent();
|   ;
|   return 0;
| }
configure:14370: result: no
configure:14384: checking libintl.h usability
configure:14384: gcc -c -g -O2  conftest.c >&5
configure:14384: $? = 0
configure:14384: result: yes
configure:14384: checking libintl.h presence
configure:14384: gcc -E  conftest.c
configure:14384: $? = 0
configure:14384: result: yes
configure:14384: checking for libintl.h
configure:14384: result: yes
configure:14392: checking for ngettext in libc
configure:14410: gcc -o conftest -g -O2   conftest.c  >&5
configure:14410: $? = 0
configure:14419: result: yes
configure:14423: checking for dgettext in libc
configure:14441: gcc -o conftest -g -O2   conftest.c  >&5
configure:14441: $? = 0
configure:14450: result: yes
configure:14457: checking for bind_textdomain_codeset
configure:14457: gcc -o conftest -g -O2   conftest.c  >&5
configure:14457: $? = 0
configure:14457: result: yes
configure:14733: checking for msgfmt
configure:14760: result: /usr/bin/msgfmt
configure:14771: checking for dcgettext
configure:14771: gcc -o conftest -g -O2   conftest.c   >&5
conftest.c:71:6: warning: conflicting types for built-in function 'dcgettext'; expected 'char *(const char *, const char *, int)' [-Wbuiltin-declaration-mismatch]
   71 | char dcgettext ();
      |      ^~~~~~~~~
configure:14771: $? = 0
configure:14771: result: yes
configure:14781: checking if msgfmt accepts -c
configure:14796: $MSGFMT -c -o /dev/null conftest.foo
conftest.foo:3: warning: header field 'Language' missing in header
configure:14799: $? = 0
configure:14801: result: yes
configure:14811: checking for gmsgfmt
configure:14842: result: /usr/bin/msgfmt
configure:14852: checking for xgettext
configure:14879: result: /usr/bin/xgettext
configure:14898: gcc -o conftest -g -O2   conftest.c   >&5
configure:14898: $? = 0
configure:14980: checking for catalogs to be installed
configure:15005: result:  ar ast be bg ca cs de el en_GB es et eu fa fi fr gl he hi hu id it ja kk ko lb lt mn nl nn pl pt pt_BR ro ru sk sl sr sv tr uk vi zh_CN zh_TW
configure:15156: checking that generated files are newer than configure
configure:15162: result: done
configure:15221: creating ./config.status

## ---------------------- ##
## Running config.status. ##
## ---------------------- ##

This file was extended by Geany config.status 1.24.1, which was
generated by GNU Autoconf 2.69.  Invocation command line was

  CONFIG_FILES    = 
  CONFIG_HEADERS  = 
  CONFIG_LINKS    = 
  CONFIG_COMMANDS = 
  $ ./config.status 

on michael-VirtualBox

config.status:1296: creating Makefile
config.status:1296: creating icons/Makefile
config.status:1296: creating icons/16x16/Makefile
config.status:1296: creating icons/24x24/Makefile
config.status:1296: creating icons/32x32/Makefile
config.status:1296: creating icons/48x48/Makefile
config.status:1296: creating icons/scalable/Makefile
config.status:1296: creating icons/tango/Makefile
config.status:1296: creating icons/tango/16x16/Makefile
config.status:1296: creating icons/tango/24x24/Makefile
config.status:1296: creating icons/tango/32x32/Makefile
config.status:1296: creating icons/tango/48x48/Makefile
config.status:1296: creating icons/tango/scalable/Makefile
config.status:1296: creating tagmanager/Makefile
config.status:1296: creating tagmanager/ctags/Makefile
config.status:1296: creating tagmanager/mio/Makefile
config.status:1296: creating tagmanager/src/Makefile
config.status:1296: creating scintilla/Makefile
config.status:1296: creating scintilla/include/Makefile
config.status:1296: creating src/Makefile
config.status:1296: creating plugins/Makefile
config.status:1296: creating po/Makefile.in
config.status:1296: creating doc/Makefile
config.status:1296: creating doc/geany.1
config.status:1296: creating geany.spec
config.status:1296: creating geany.pc
config.status:1296: creating doc/Doxyfile
config.status:1296: creating tests/Makefile
config.status:1296: creating tests/ctags/Makefile
config.status:1296: creating config.h
config.status:1525: executing depfiles commands
config.status:1602: cd tagmanager/ctags       && sed -e '/# am--include-marker/d' Makefile         | make -f - am--depfiles
config.status:1607: $? = 0
config.status:1602: cd tagmanager/mio       && sed -e '/# am--include-marker/d' Makefile         | make -f - am--depfiles
config.status:1607: $? = 0
config.status:1602: cd tagmanager/src       && sed -e '/# am--include-marker/d' Makefile         | make -f - am--depfiles
config.status:1607: $? = 0
config.status:1602: cd scintilla       && sed -e '/# am--include-marker/d' Makefile         | make -f - am--depfiles
config.status:1607: $? = 0
config.status:1602: cd src       && sed -e '/# am--include-marker/d' Makefile         | make -f - am--depfiles
config.status:1607: $? = 0
config.status:1602: cd plugins       && sed -e '/# am--include-marker/d' Makefile         | make -f - am--depfiles
config.status:1607: $? = 0
config.status:1525: executing libtool commands
config.status:1525: executing default-1 commands
config.status:1525: executing po/stamp-it commands

## ---------------- ##
## Cache variables. ##
## ---------------- ##

ac_cv_build=x86_64-unknown-linux-gnu
ac_cv_c_compiler_gnu=yes
ac_cv_cxx_compiler_gnu=yes
ac_cv_env_CCC_set=
ac_cv_env_CCC_value=
ac_cv_env_CC_set=
ac_cv_env_CC_value=
ac_cv_env_CFLAGS_set=
ac_cv_env_CFLAGS_value=
ac_cv_env_CPPFLAGS_set=
ac_cv_env_CPPFLAGS_value=
ac_cv_env_CPP_set=
ac_cv_env_CPP_value=
ac_cv_env_CXXCPP_set=
ac_cv_env_CXXCPP_value=
ac_cv_env_CXXFLAGS_set=
ac_cv_env_CXXFLAGS_value=
ac_cv_env_CXX_set=
ac_cv_env_CXX_value=
ac_cv_env_GTHREAD_CFLAGS_set=
ac_cv_env_GTHREAD_CFLAGS_value=
ac_cv_env_GTHREAD_LIBS_set=
ac_cv_env_GTHREAD_LIBS_value=
ac_cv_env_GTK_CFLAGS_set=
ac_cv_env_GTK_CFLAGS_value=
ac_cv_env_GTK_LIBS_set=
ac_cv_env_GTK_LIBS_value=
ac_cv_env_LDFLAGS_set=
ac_cv_env_LDFLAGS_value=
ac_cv_env_LIBS_set=
ac_cv_env_LIBS_value=
ac_cv_env_LT_SYS_LIBRARY_PATH_set=
ac_cv_env_LT_SYS_LIBRARY_PATH_value=
ac_cv_env_PKG_CONFIG_LIBDIR_set=
ac_cv_env_PKG_CONFIG_LIBDIR_value=
ac_cv_env_PKG_CONFIG_PATH_set=
ac_cv_env_PKG_CONFIG_PATH_value=
ac_cv_env_PKG_CONFIG_set=
ac_cv_env_PKG_CONFIG_value=
ac_cv_env_build_alias_set=
ac_cv_env_build_alias_value=
ac_cv_env_host_alias_set=
ac_cv_env_host_alias_value=
ac_cv_env_target_alias_set=
ac_cv_env_target_alias_value=
ac_cv_func_bind_textdomain_codeset=yes
ac_cv_func_dcgettext=yes
ac_cv_func_fgetpos=yes
ac_cv_func_ftruncate=yes
ac_cv_func_mkstemp=yes
ac_cv_func_strerror=yes
ac_cv_func_strstr=yes
ac_cv_header_dlfcn_h=yes
ac_cv_header_fcntl_h=yes
ac_cv_header_fnmatch_h=yes
ac_cv_header_glob_h=yes
ac_cv_header_inttypes_h=yes
ac_cv_header_libintl_h=yes
ac_cv_header_locale_h=yes
ac_cv_header_memory_h=yes
ac_cv_header_minix_config_h=no
ac_cv_header_stdc=yes
ac_cv_header_stdint_h=yes
ac_cv_header_stdlib_h=yes
ac_cv_header_string_h=yes
ac_cv_header_strings_h=yes
ac_cv_header_sys_stat_h=yes
ac_cv_header_sys_time_h=yes
ac_cv_header_sys_types_h=yes
ac_cv_header_unistd_h=yes
ac_cv_host=x86_64-unknown-linux-gnu
ac_cv_objext=o
ac_cv_path_EGREP='/usr/bin/grep -E'
ac_cv_path_FGREP='/usr/bin/grep -F'
ac_cv_path_GMSGFMT=/usr/bin/msgfmt
ac_cv_path_GREP=/usr/bin/grep
ac_cv_path_INTLTOOL_EXTRACT=/usr/bin/intltool-extract
ac_cv_path_INTLTOOL_MERGE=/usr/bin/intltool-merge
ac_cv_path_INTLTOOL_PERL=/usr/bin/perl
ac_cv_path_INTLTOOL_UPDATE=/usr/bin/intltool-update
ac_cv_path_MSGFMT=/usr/bin/msgfmt
ac_cv_path_MSGMERGE=/usr/bin/msgmerge
ac_cv_path_SED=/usr/bin/sed
ac_cv_path_XGETTEXT=/usr/bin/xgettext
ac_cv_path_ac_pt_PKG_CONFIG=/usr/bin/pkg-config
ac_cv_path_install='/usr/bin/install -c'
ac_cv_path_lt_DD=/usr/bin/dd
ac_cv_path_mkdir=/usr/bin/mkdir
ac_cv_prog_AWK=mawk
ac_cv_prog_CPP='gcc -E'
ac_cv_prog_CXXCPP='g++ -E'
ac_cv_prog_ac_ct_AR=ar
ac_cv_prog_ac_ct_CC=gcc
ac_cv_prog_ac_ct_CXX=g++
ac_cv_prog_ac_ct_MANIFEST_TOOL=mt
ac_cv_prog_ac_ct_OBJDUMP=objdump
ac_cv_prog_ac_ct_RANLIB=ranlib
ac_cv_prog_ac_ct_STRIP=strip
ac_cv_prog_cc_c89=
ac_cv_prog_cc_c99=
ac_cv_prog_cc_g=yes
ac_cv_prog_cxx_g=yes
ac_cv_prog_make_make_set=yes
ac_cv_safe_to_define___extensions__=yes
ac_cv_search_connect='none required'
ac_cv_struct_tm=time.h
ac_cv_type_off_t=yes
ac_cv_type_size_t=yes
am_cv_CC_dependencies_compiler_type=gcc3
am_cv_CXX_dependencies_compiler_type=gcc3
am_cv_ar_interface=ar
am_cv_make_support_nested_variables=yes
am_cv_prog_cc_c_o=yes
am_cv_val_LC_MESSAGES=yes
gt_cv_func_CFLocaleCopyCurrent=no
gt_cv_func_CFPreferencesCopyAppValue=no
gt_cv_func_dgettext_libc=yes
gt_cv_func_dgettext_libintl=no
gt_cv_func_ngettext_libc=yes
gt_cv_have_gettext=yes
lt_cv_ar_at_file=@
lt_cv_archive_cmds_need_lc=no
lt_cv_deplibs_check_method=pass_all
lt_cv_file_magic_cmd='$MAGIC_CMD'
lt_cv_file_magic_test_file=
lt_cv_ld_reload_flag=-r
lt_cv_nm_interface='BSD nm'
lt_cv_objdir=.libs
lt_cv_path_LD=/usr/bin/ld
lt_cv_path_LDCXX='/usr/bin/ld -m elf_x86_64'
lt_cv_path_NM='/usr/bin/nm -B'
lt_cv_path_mainfest_tool=no
lt_cv_prog_compiler_c_o=yes
lt_cv_prog_compiler_c_o_CXX=yes
lt_cv_prog_compiler_pic='-fPIC -DPIC'
lt_cv_prog_compiler_pic_CXX='-fPIC -DPIC'
lt_cv_prog_compiler_pic_works=yes
lt_cv_prog_compiler_pic_works_CXX=yes
lt_cv_prog_compiler_rtti_exceptions=no
lt_cv_prog_compiler_static_works=yes
lt_cv_prog_compiler_static_works_CXX=yes
lt_cv_prog_gnu_ld=yes
lt_cv_prog_gnu_ldcxx=yes
lt_cv_sharedlib_from_linklib_cmd='printf %s\n'
lt_cv_shlibpath_overrides_runpath=yes
lt_cv_sys_global_symbol_pipe='sed -n -e '\''s/^.*[	 ]\([ABCDGIRSTW][ABCDGIRSTW]*\)[	 ][	 ]*\([_A-Za-z][_A-Za-z0-9]*\)$/\1 \2 \2/p'\'' | sed '\''/ __gnu_lto/d'\'''
lt_cv_sys_global_symbol_to_c_name_address='sed -n -e '\''s/^: \(.*\) .*$/  {"\1", (void *) 0},/p'\'' -e '\''s/^[ABCDGIRSTW][ABCDGIRSTW]* .* \(.*\)$/  {"\1", (void *) \&\1},/p'\'''
lt_cv_sys_global_symbol_to_c_name_address_lib_prefix='sed -n -e '\''s/^: \(.*\) .*$/  {"\1", (void *) 0},/p'\'' -e '\''s/^[ABCDGIRSTW][ABCDGIRSTW]* .* \(lib.*\)$/  {"\1", (void *) \&\1},/p'\'' -e '\''s/^[ABCDGIRSTW][ABCDGIRSTW]* .* \(.*\)$/  {"lib\1", (void *) \&\1},/p'\'''
lt_cv_sys_global_symbol_to_cdecl='sed -n -e '\''s/^T .* \(.*\)$/extern int \1();/p'\'' -e '\''s/^[ABCDGIRSTW][ABCDGIRSTW]* .* \(.*\)$/extern char \1;/p'\'''
lt_cv_sys_global_symbol_to_import=
lt_cv_sys_max_cmd_len=1572864
lt_cv_to_host_file_cmd=func_convert_file_noop
lt_cv_to_tool_file_cmd=func_convert_file_noop
lt_cv_truncate_bin='/usr/bin/dd bs=4096 count=1'
pkg_cv_GTHREAD_CFLAGS='-pthread -I/usr/include/glib-2.0 -I/usr/lib/x86_64-linux-gnu/glib-2.0/include'
pkg_cv_GTHREAD_LIBS='-lgthread-2.0 -pthread -lglib-2.0'
pkg_cv_GTK_CFLAGS='-pthread -I/usr/include/gtk-2.0 -I/usr/lib/x86_64-linux-gnu/gtk-2.0/include -I/usr/include/pango-1.0 -I/usr/include/atk-1.0 -I/usr/include/gdk-pixbuf-2.0 -I/usr/include/pango-1.0 -I/usr/include/fribidi -I/usr/include/cairo -I/usr/include/pixman-1 -I/usr/include/harfbuzz -I/usr/include/uuid -I/usr/include/freetype2 -I/usr/include/libpng16 -I/usr/include/libmount -I/usr/include/blkid -I/usr/include/glib-2.0 -I/usr/lib/x86_64-linux-gnu/glib-2.0/include'
pkg_cv_GTK_LIBS='-lgtk-x11-2.0 -lgdk-x11-2.0 -lpangocairo-1.0 -latk-1.0 -lcairo -lgdk_pixbuf-2.0 -lpangoft2-1.0 -lpango-1.0 -lharfbuzz -lfontconfig -lfreetype -lgio-2.0 -lgobject-2.0 -Wl,--export-dynamic -lgmodule-2.0 -pthread -lglib-2.0'

## ----------------- ##
## Output variables. ##
## ----------------- ##

ACLOCAL='${SHELL} /home/michael/AGK/Classic/AGK2/IDE/Geany-1.24.1/build-aux/missing aclocal-1.16'
ALL_LINGUAS='ar ast be bg ca cs de el en_GB es et eu fa fi fr gl he hi hu id it ja kk ko lb lt mn nl nn pl pt pt_BR ro ru sk sl sr sv tr uk vi zh_CN zh_TW '
AMDEPBACKSLASH='\'
AMDEP_FALSE='#'
AMDEP_TRUE=''
AMTAR='$${TAR-tar}'
AM_BACKSLASH='\'
AM_DEFAULT_V='$(AM_DEFAULT_VERBOSITY)'
AM_DEFAULT_VERBOSITY='0'
AM_V='$(V)'
AR='ar'
AUTOCONF='${SHELL} /home/michael/AGK/Classic/AGK2/IDE/Geany-1.24.1/build-aux/missing autoconf'
AUTOHEADER='${SHELL} /home/michael/AGK/Classic/AGK2/IDE/Geany-1.24.1/build-aux/missing autoheader'
AUTOMAKE='${SHELL} /home/michael/AGK/Classic/AGK2/IDE/Geany-1.24.1/build-aux/missing automake-1.16'
AWK='mawk'
CATALOGS=' ar.gmo ast.gmo be.gmo bg.gmo ca.gmo cs.gmo de.gmo el.gmo en_GB.gmo es.gmo et.gmo eu.gmo fa.gmo fi.gmo fr.gmo gl.gmo he.gmo hi.gmo hu.gmo id.gmo it.gmo ja.gmo kk.gmo ko.gmo lb.gmo lt.gmo mn.gmo nl.gmo nn.gmo pl.gmo pt.gmo pt_BR.gmo ro.gmo ru.gmo sk.gmo sl.gmo sr.gmo sv.gmo tr.gmo uk.gmo vi.gmo zh_CN.gmo zh_TW.gmo'
CATOBJEXT='.gmo'
CC='gcc'
CCDEPMODE='depmode=gcc3'
CFLAGS='-g -O2'
CPP='gcc -E'
CPPFLAGS=''
CXX='g++'
CXXCPP='g++ -E'
CXXDEPMODE='depmode=gcc3'
CXXFLAGS='-g -O2'
CYGPATH_W='echo'
DATADIRNAME='share'
DEFS='-DHAVE_CONFIG_H'
DEPDIR='.deps'
DEPENDENCIES='gtk+-2.0 >= 2.16 glib-2.0 >= 2.20'
DLLTOOL='false'
DSYMUTIL=''
DUMPBIN=''
ECHO_C=''
ECHO_N='-n'
ECHO_T=''
EGREP='/usr/bin/grep -E'
EXEEXT=''
FGREP='/usr/bin/grep -F'
GEANY_DATA_DIR='/home/michael/Programs/AGKIDE/share/geany'
GETTEXT_PACKAGE='geany'
GMOFILES=' ar.gmo ast.gmo be.gmo bg.gmo ca.gmo cs.gmo de.gmo el.gmo en_GB.gmo es.gmo et.gmo eu.gmo fa.gmo fi.gmo fr.gmo gl.gmo he.gmo hi.gmo hu.gmo id.gmo it.gmo ja.gmo kk.gmo ko.gmo lb.gmo lt.gmo mn.gmo nl.gmo nn.gmo pl.gmo pt.gmo pt_BR.gmo ro.gmo ru.gmo sk.gmo sl.gmo sr.gmo sv.gmo tr.gmo uk.gmo vi.gmo zh_CN.gmo zh_TW.gmo'
GMSGFMT='/usr/bin/msgfmt'
GREP='/usr/bin/grep'
GTHREAD_CFLAGS='-pthread -I/usr/include/glib-2.0 -I/usr/lib/x86_64-linux-gnu/glib-2.0/include'
GTHREAD_LIBS='-lgthread-2.0 -pthread -lglib-2.0'
GTK3_FALSE=''
GTK3_TRUE='#'
GTK_CFLAGS='-pthread -I/usr/include/gtk-2.0 -I/usr/lib/x86_64-linux-gnu/gtk-2.0/include -I/usr/include/pango-1.0 -I/usr/include/atk-1.0 -I/usr/include/gdk-pixbuf-2.0 -I/usr/include/pango-1.0 -I/usr/include/fribidi -I/usr/include/cairo -I/usr/include/pixman-1 -I/usr/include/harfbuzz -I/usr/include/uuid -I/usr/include/freetype2 -I/usr/include/libpng16 -I/usr/include/libmount -I/usr/include/blkid -I/usr/include/glib-2.0 -I/usr/lib/x86_64-linux-gnu/glib-2.0/include'
GTK_LIBS='-lgtk-x11-2.0 -lgdk-x11-2.0 -lpangocairo-1.0 -latk-1.0 -lcairo -lgdk_pixbuf-2.0 -lpangoft2-1.0 -lpango-1.0 -lharfbuzz -lfontconfig -lfreetype -lgio-2.0 -lgobject-2.0 -Wl,--export-dynamic -lgmodule-2.0 -pthread -lglib-2.0'
INSTALL_DATA='${INSTALL} -m 644'
INSTALL_PROGRAM='${INSTALL}'
INSTALL_SCRIPT='${INSTALL}'
INSTALL_STRIP_PROGRAM='$(install_sh) -c -s'
INSTOBJEXT='.mo'
INTLLIBS=''
INTLTOOL_CAVES_RULE='%.caves:     %.caves.in     $(INTLTOOL_MERGE) $(wildcard $(top_srcdir)/po/*.po) ; $(INTLTOOL_V_MERGE)LC_ALL=C $(INTLTOOL_MERGE) $(INTLTOOL_V_MERGE_OPTIONS) -d -u -c $(top_builddir)/po/.intltool-merge-cache $(top_srcdir)/po $< $@'
INTLTOOL_DESKTOP_RULE='%.desktop:   %.desktop.in   $(INTLTOOL_MERGE) $(wildcard $(top_srcdir)/po/*.po) ; $(INTLTOOL_V_MERGE)LC_ALL=C $(INTLTOOL_MERGE) $(INTLTOOL_V_MERGE_OPTIONS) -d -u -c $(top_builddir)/po/.intltool-merge-cache $(top_srcdir)/po $< $@'
INTLTOOL_DIRECTORY_RULE='%.directory: %.directory.in $(INTLTOOL_MERGE) $(wildcard $(top_srcdir)/po/*.po) ; $(INTLTOOL_V_MERGE)LC_ALL=C $(INTLTOOL_MERGE) $(INTLTOOL_V_MERGE_OPTIONS) -d -u -c $(top_builddir)/po/.intltool-merge-cache $(top_srcdir)/po $< $@'
INTLTOOL_EXTRACT='/usr/bin/intltool-extract'
INTLTOOL_KBD_RULE='%.kbd:       %.kbd.in       $(INTLTOOL_MERGE) $(wildcard $(top_srcdir)/po/*.po) ; $(INTLTOOL_V_MERGE)LC_ALL=C $(INTLTOOL_MERGE) $(INTLTOOL_V_MERGE_OPTIONS) -x -u -m -c $(top_builddir)/po/.intltool-merge-cache $(top_srcdir)/po $< $@'
INTLTOOL_KEYS_RULE='%.keys:      %.keys.in      $(INTLTOOL_MERGE) $(wildcard $(top_srcdir)/po/*.po) ; $(INTLTOOL_V_MERGE)LC_ALL=C $(INTLTOOL_MERGE) $(INTLTOOL_V_MERGE_OPTIONS) -k -u -c $(top_builddir)/po/.intltool-merge-cache $(top_srcdir)/po $< $@'
INTLTOOL_MERGE='/usr/bin/intltool-merge'
INTLTOOL_OAF_RULE='%.oaf:       %.oaf.in       $(INTLTOOL_MERGE) $(wildcard $(top_srcdir)/po/*.po) ; $(INTLTOOL_V_MERGE)LC_ALL=C $(INTLTOOL_MERGE) $(INTLTOOL_V_MERGE_OPTIONS) -o -p $(top_srcdir)/po $< $@'
INTLTOOL_PERL='/usr/bin/perl'
INTLTOOL_POLICY_RULE='%.policy:    %.policy.in    $(INTLTOOL_MERGE) $(wildcard $(top_srcdir)/po/*.po) ; $(INTLTOOL_V_MERGE)LC_ALL=C $(INTLTOOL_MERGE) $(INTLTOOL_V_MERGE_OPTIONS) -x -u -c $(top_builddir)/po/.intltool-merge-cache $(top_srcdir)/po $< $@'
INTLTOOL_PONG_RULE='%.pong:      %.pong.in      $(INTLTOOL_MERGE) $(wildcard $(top_srcdir)/po/*.po) ; $(INTLTOOL_V_MERGE)LC_ALL=C $(INTLTOOL_MERGE) $(INTLTOOL_V_MERGE_OPTIONS) -x -u -c $(top_builddir)/po/.intltool-merge-cache $(top_srcdir)/po $< $@'
INTLTOOL_PROP_RULE='%.prop:      %.prop.in      $(INTLTOOL_MERGE) $(wildcard $(top_srcdir)/po/*.po) ; $(INTLTOOL_V_MERGE)LC_ALL=C $(INTLTOOL_MERGE) $(INTLTOOL_V_MERGE_OPTIONS) -d -u -c $(top_builddir)/po/.intltool-merge-cache $(top_srcdir)/po $< $@'
INTLTOOL_SCHEMAS_RULE='%.schemas:   %.schemas.in   $(INTLTOOL_MERGE) $(wildcard $(top_srcdir)/po/*.po) ; $(INTLTOOL_V_MERGE)LC_ALL=C $(INTLTOOL_MERGE) $(INTLTOOL_V_MERGE_OPTIONS) -s -u -c $(top_builddir)/po/.intltool-merge-cache $(top_srcdir)/po $< $@'
INTLTOOL_SERVER_RULE='%.server:    %.server.in    $(INTLTOOL_MERGE) $(wildcard $(top_srcdir)/po/*.po) ; $(INTLTOOL_V_MERGE)LC_ALL=C $(INTLTOOL_MERGE) $(INTLTOOL_V_MERGE_OPTIONS) -o -u -c $(top_builddir)/po/.intltool-merge-cache $(top_srcdir)/po $< $@'
INTLTOOL_SERVICE_RULE='%.service: %.service.in   $(INTLTOOL_MERGE) $(wildcard $(top_srcdir)/po/*.po) ; $(INTLTOOL_V_MERGE)LC_ALL=C $(INTLTOOL_MERGE) $(INTLTOOL_V_MERGE_OPTIONS) -d -u -c $(top_builddir)/po/.intltool-merge-cache $(top_srcdir)/po $< $@'
INTLTOOL_SHEET_RULE='%.sheet:     %.sheet.in     $(INTLTOOL_MERGE) $(wildcard $(top_srcdir)/po/*.po) ; $(INTLTOOL_V_MERGE)LC_ALL=C $(INTLTOOL_MERGE) $(INTLTOOL_V_MERGE_OPTIONS) -x -u -c $(top_builddir)/po/.intltool-merge-cache $(top_srcdir)/po $< $@'
INTLTOOL_SOUNDLIST_RULE='%.soundlist: %.soundlist.in $(INTLTOOL_MERGE) $(wildcard $(top_srcdir)/po/*.po) ; $(INTLTOOL_V_MERGE)LC_ALL=C $(INTLTOOL_MERGE) $(INTLTOOL_V_MERGE_OPTIONS) -d -u -c $(top_builddir)/po/.intltool-merge-cache $(top_srcdir)/po $< $@'
INTLTOOL_THEME_RULE='%.theme:     %.theme.in     $(INTLTOOL_MERGE) $(wildcard $(top_srcdir)/po/*.po) ; $(INTLTOOL_V_MERGE)LC_ALL=C $(INTLTOOL_MERGE) $(INTLTOOL_V_MERGE_OPTIONS) -d -u -c $(top_builddir)/po/.intltool-merge-cache $(top_srcdir)/po $< $@'
INTLTOOL_UI_RULE='%.ui:        %.ui.in        $(INTLTOOL_MERGE) $(wildcard $(top_srcdir)/po/*.po) ; $(INTLTOOL_V_MERGE)LC_ALL=C $(INTLTOOL_MERGE) $(INTLTOOL_V_MERGE_OPTIONS) -x -u -c $(top_builddir)/po/.intltool-merge-cache $(top_srcdir)/po $< $@'
INTLTOOL_UPDATE='/usr/bin/intltool-update'
INTLTOOL_V_MERGE='$(INTLTOOL__v_MERGE_$(V))'
INTLTOOL_V_MERGE_OPTIONS='$(intltool__v_merge_options_$(V))'
INTLTOOL_XAM_RULE='%.xam:       %.xml.in       $(INTLTOOL_MERGE) $(wildcard $(top_srcdir)/po/*.po) ; $(INTLTOOL_V_MERGE)LC_ALL=C $(INTLTOOL_MERGE) $(INTLTOOL_V_MERGE_OPTIONS) -x -u -c $(top_builddir)/po/.intltool-merge-cache $(top_srcdir)/po $< $@'
INTLTOOL_XML_NOMERGE_RULE='%.xml:       %.xml.in       $(INTLTOOL_MERGE) ; $(INTLTOOL_V_MERGE)LC_ALL=C $(INTLTOOL_MERGE) $(INTLTOOL_V_MERGE_OPTIONS) -x -u --no-translations $< $@'
INTLTOOL_XML_RULE='%.xml:       %.xml.in       $(INTLTOOL_MERGE) $(wildcard $(top_srcdir)/po/*.po) ; $(INTLTOOL_V_MERGE)LC_ALL=C $(INTLTOOL_MERGE) $(INTLTOOL_V_MERGE_OPTIONS) -x -u -c $(top_builddir)/po/.intltool-merge-cache $(top_srcdir)/po $< $@'
INTLTOOL__v_MERGE_0='@echo "  ITMRG " $@;'
INTLTOOL__v_MERGE_='$(INTLTOOL__v_MERGE_$(AM_DEFAULT_VERBOSITY))'
INTL_MACOSX_LIBS=''
LD='/usr/bin/ld -m elf_x86_64'
LDFLAGS=''
LIBOBJS=''
LIBS=''
LIBTOOL='$(SHELL) $(top_builddir)/libtool --silent'
LIPO=''
LN_S='ln -s'
LTLIBOBJS=''
LT_SYS_LIBRARY_PATH=''
MAINT='#'
MAINTAINER_MODE_FALSE=''
MAINTAINER_MODE_TRUE='#'
MAKEINFO='${SHELL} /home/michael/AGK/Classic/AGK2/IDE/Geany-1.24.1/build-aux/missing makeinfo'
MANIFEST_TOOL=':'
MINGW_FALSE=''
MINGW_TRUE='#'
MKDIR_P='/usr/bin/mkdir -p'
MKINSTALLDIRS='build-aux/mkinstalldirs'
MSGFMT='/usr/bin/msgfmt'
MSGFMT_OPTS='-c'
MSGMERGE='/usr/bin/msgmerge'
NM='/usr/bin/nm -B'
NMEDIT=''
OBJDUMP='objdump'
OBJEXT='o'
OTOOL64=''
OTOOL=''
PACKAGE='geany'
PACKAGE_BUGREPORT='https://sourceforge.net/tracker/?group_id=153444&atid=787791'
PACKAGE_NAME='Geany'
PACKAGE_STRING='Geany 1.24.1'
PACKAGE_TARNAME='geany'
PACKAGE_URL=''
PACKAGE_VERSION='1.24.1'
PATH_SEPARATOR=':'
PKG_CONFIG='/usr/bin/pkg-config'
PKG_CONFIG_LIBDIR=''
PKG_CONFIG_PATH=''
PLUGINS_FALSE='#'
PLUGINS_TRUE=''
POFILES=' ar.po ast.po be.po bg.po ca.po cs.po de.po el.po en_GB.po es.po et.po eu.po fa.po fi.po fr.po gl.po he.po hi.po hu.po id.po it.po ja.po kk.po ko.po lb.po lt.po mn.po nl.po nn.po pl.po pt.po pt_BR.po ro.po ru.po sk.po sl.po sr.po sv.po tr.po uk.po vi.po zh_CN.po zh_TW.po'
POSUB='po'
PO_IN_DATADIR_FALSE=''
PO_IN_DATADIR_TRUE=''
RANLIB='ranlib'
SED='/usr/bin/sed'
SET_MAKE=''
SHELL='/bin/bash'
STRIP='strip'
USE_NLS='yes'
VERSION='1.24.1'
XGETTEXT='/usr/bin/xgettext'
ac_ct_AR='ar'
ac_ct_CC='gcc'
ac_ct_CXX='g++'
ac_ct_DUMPBIN=''
am__EXEEXT_FALSE=''
am__EXEEXT_TRUE='#'
am__fastdepCC_FALSE='#'
am__fastdepCC_TRUE=''
am__fastdepCXX_FALSE='#'
am__fastdepCXX_TRUE=''
am__include='include'
am__isrc=''
am__leading_dot='.'
am__nodep='_no'
am__quote=''
am__tar='$${TAR-tar} chof - "$$tardir"'
am__untar='$${TAR-tar} xf -'
bindir='${exec_prefix}/bin'
build='x86_64-unknown-linux-gnu'
build_alias=''
build_cpu='x86_64'
build_os='linux-gnu'
build_vendor='unknown'
datadir='${datarootdir}'
datarootdir='${prefix}/share'
docdir='${datarootdir}/doc/${PACKAGE_TARNAME}'
dvidir='${docdir}'
exec_prefix='/home/michael/Programs/AGKIDE'
host='x86_64-unknown-linux-gnu'
host_alias=''
host_cpu='x86_64'
host_os='linux-gnu'
host_vendor='unknown'
htmldir='${docdir}'
includedir='${prefix}/include'
infodir='${datarootdir}/info'
install_sh='${SHELL} /home/michael/AGK/Classic/AGK2/IDE/Geany-1.24.1/build-aux/install-sh'
intltool__v_merge_options_0='-q'
intltool__v_merge_options_='$(intltool__v_merge_options_$(AM_DEFAULT_VERBOSITY))'
libdir='${exec_prefix}/lib'
libexecdir='${exec_prefix}/libexec'
localedir='${datarootdir}/locale'
localstatedir='${prefix}/var'
mandir='${datarootdir}/man'
mkdir_p='$(MKDIR_P)'
oldincludedir='/usr/include'
pdfdir='${docdir}'
prefix='/home/michael/Programs/AGKIDE'
program_transform_name='s,x,x,'
psdir='${docdir}'
runstatedir='${localstatedir}/run'
sbindir='${exec_prefix}/sbin'
sharedstatedir='${prefix}/com'
sysconfdir='${prefix}/etc'
target_alias=''

## ----------- ##
## confdefs.h. ##
## ----------- ##

/* confdefs.h */
#define PACKAGE_NAME "Geany"
#define PACKAGE_TARNAME "geany"
#define PACKAGE_VERSION "1.24.1"
#define PACKAGE_STRING "Geany 1.24.1"
#define PACKAGE_BUGREPORT "https://sourceforge.net/tracker/?group_id=153444&atid=787791"
#define PACKAGE_URL ""
#define PACKAGE "geany"
#define VERSION "1.24.1"
#define STDC_HEADERS 1
#define HAVE_SYS_TYPES_H 1
#define HAVE_SYS_STAT_H 1
#define HAVE_STDLIB_H 1
#define HAVE_STRING_H 1
#define HAVE_MEMORY_H 1
#define HAVE_STRINGS_H 1
#define HAVE_INTTYPES_H 1
#define HAVE_STDINT_H 1
#define HAVE_UNISTD_H 1
#define __EXTENSIONS__ 1
#define _ALL_SOURCE 1
#define _GNU_SOURCE 1
#define _POSIX_PTHREAD_SEMANTICS 1
#define _TANDEM_SOURCE 1
#define HAVE_FCNTL_H 1
#define HAVE_FNMATCH_H 1
#define HAVE_GLOB_H 1
#define HAVE_STDLIB_H 1
#define HAVE_SYS_TIME_H 1
#define HAVE_FTRUNCATE 1
#define HAVE_FGETPOS 1
#define HAVE_MKSTEMP 1
#define HAVE_STRERROR 1
#define HAVE_STRSTR 1
#define REVISION "-1"
#define HAVE_REGCOMP 1
#define HAVE_DLFCN_H 1
#define LT_OBJDIR ".libs/"
#define HAVE_PLUGINS 1
#define HAVE_SOCKET 1
#define HAVE_VTE 1
#define GETTEXT_PACKAGE "geany"
#define HAVE_LOCALE_H 1
#define HAVE_LC_MESSAGES 1
#define HAVE_BIND_TEXTDOMAIN_CODESET 1
#define HAVE_GETTEXT 1
#define HAVE_DCGETTEXT 1
#define ENABLE_NLS 1

configure: exit 0
